2025-10-02 16:18:51 [main] INFO  com.shinki.shinki.ShinkiApplication - Starting ShinkiApplication using Java 21.0.7 with PID 15736 (D:\Project\Zetta_Git\shinki-new\target\classes started by zetta in D:\Project\Zetta_Git\shinki-new)
2025-10-02 16:18:51 [main] DEBUG com.shinki.shinki.ShinkiApplication - Running with Spring Boot v3.5.5, Spring v6.2.10
2025-10-02 16:18:51 [main] INFO  com.shinki.shinki.ShinkiApplication - No active profile set, falling back to 1 default profile: "default"
2025-10-02 16:18:53 [main] INFO  o.s.d.r.c.RepositoryConfigurationDelegate - Bootstrapping Spring Data JPA repositories in DEFAULT mode.
2025-10-02 16:18:53 [main] INFO  o.s.d.r.c.RepositoryConfigurationDelegate - Finished Spring Data repository scanning in 222 ms. Found 7 JPA repository interfaces.
2025-10-02 16:18:55 [main] INFO  o.s.b.w.e.tomcat.TomcatWebServer - Tomcat initialized with port 8080 (http)
2025-10-02 16:18:55 [main] INFO  o.a.catalina.core.StandardService - Starting service [Tomcat]
2025-10-02 16:18:55 [main] INFO  o.a.catalina.core.StandardEngine - Starting Servlet engine: [Apache Tomcat/10.1.44]
2025-10-02 16:18:55 [main] INFO  o.apache.jasper.servlet.TldScanner - At least one JAR was scanned for TLDs yet contained no TLDs. Enable debug logging for this logger for a complete list of JARs that were scanned but no TLDs were found in them. Skipping unneeded JARs during scanning can improve startup time and JSP compilation time.
2025-10-02 16:18:56 [main] INFO  o.a.c.c.C.[Tomcat].[localhost].[/] - Initializing Spring embedded WebApplicationContext
2025-10-02 16:18:56 [main] INFO  o.s.b.w.s.c.ServletWebServerApplicationContext - Root WebApplicationContext: initialization completed in 4460 ms
2025-10-02 16:18:56 [main] INFO  com.zaxxer.hikari.HikariDataSource - HikariPool-1 - Starting...
2025-10-02 16:18:56 [main] INFO  com.zaxxer.hikari.pool.HikariPool - HikariPool-1 - Added connection com.mysql.cj.jdbc.ConnectionImpl@2afdf6b7
2025-10-02 16:18:56 [main] INFO  com.zaxxer.hikari.HikariDataSource - HikariPool-1 - Start completed.
2025-10-02 16:18:57 [main] INFO  o.h.jpa.internal.util.LogHelper - HHH000204: Processing PersistenceUnitInfo [name: default]
2025-10-02 16:18:57 [main] INFO  org.hibernate.Version - HHH000412: Hibernate ORM core version 6.6.26.Final
2025-10-02 16:18:57 [main] INFO  o.h.c.i.RegionFactoryInitiator - HHH000026: Second-level cache disabled
2025-10-02 16:18:57 [main] INFO  o.s.o.j.p.SpringPersistenceUnitInfo - No LoadTimeWeaver setup: ignoring JPA class transformer
2025-10-02 16:18:57 [main] WARN  org.hibernate.orm.deprecation - HHH90000025: MySQLDialect does not need to be specified explicitly using 'hibernate.dialect' (remove the property setting and it will be selected by default)
2025-10-02 16:18:57 [main] INFO  o.hibernate.orm.connections.pooling - HHH10001005: Database info:
	Database JDBC URL [Connecting through datasource 'HikariDataSource (HikariPool-1)']
	Database driver: undefined/unknown
	Database version: 8.0.42
	Autocommit mode: undefined/unknown
	Isolation level: undefined/unknown
	Minimum pool size: undefined/unknown
	Maximum pool size: undefined/unknown
2025-10-02 16:18:59 [main] INFO  o.h.e.t.j.p.i.JtaPlatformInitiator - HHH000489: No JTA platform available (set 'hibernate.transaction.jta.platform' to enable JTA platform integration)
2025-10-02 16:18:59 [main] DEBUG org.hibernate.SQL - 
    alter table member 
       modify column status VARCHAR(1) DEFAULT 'Y' not null
2025-10-02 16:18:59 [main] INFO  o.s.o.j.LocalContainerEntityManagerFactoryBean - Initialized JPA EntityManagerFactory for persistence unit 'default'
2025-10-02 16:19:00 [main] INFO  o.s.d.j.r.query.QueryEnhancerFactory - Hibernate is in classpath; If applicable, HQL parser will be used.
2025-10-02 16:19:05 [main] WARN  o.s.b.a.o.j.JpaBaseConfiguration$JpaWebConfiguration - spring.jpa.open-in-view is enabled by default. Therefore, database queries may be performed during view rendering. Explicitly configure spring.jpa.open-in-view to disable this warning
2025-10-02 16:19:05 [main] INFO  o.s.b.a.w.s.WelcomePageHandlerMapping - Adding welcome page template: index
2025-10-02 16:19:06 [main] INFO  o.s.b.w.e.tomcat.TomcatWebServer - Tomcat started on port 8080 (http) with context path '/'
2025-10-02 16:19:06 [main] INFO  com.shinki.shinki.ShinkiApplication - Started ShinkiApplication in 16.651 seconds (process running for 19.927)
2025-10-02 16:19:06 [main] DEBUG org.hibernate.SQL - 
    select
        count(*) 
    from
        member m1_0
2025-10-02 16:19:09 [http-nio-8080-exec-1] INFO  o.a.c.c.C.[Tomcat].[localhost].[/] - Initializing Spring DispatcherServlet 'dispatcherServlet'
2025-10-02 16:19:09 [http-nio-8080-exec-1] INFO  o.s.web.servlet.DispatcherServlet - Initializing Servlet 'dispatcherServlet'
2025-10-02 16:19:09 [http-nio-8080-exec-1] INFO  o.s.web.servlet.DispatcherServlet - Completed initialization in 4 ms
2025-10-02 16:19:09 [http-nio-8080-exec-1] DEBUG o.s.w.s.v.ContentNegotiatingViewResolver - Selected 'text/html' given [text/html, application/xhtml+xml, image/avif, image/webp, image/apng, application/xml;q=0.9, */*;q=0.8, application/signed-exchange;v=b3;q=0.7]
2025-10-02 16:19:09 [http-nio-8080-exec-1] DEBUG o.s.web.servlet.view.JstlView - View name [index], model {message=Hello from Spring Boot JSP!}
2025-10-02 16:19:09 [http-nio-8080-exec-1] DEBUG o.s.web.servlet.view.JstlView - Forwarding to [/WEB-INF/views/index.jsp]
2025-10-02 16:19:14 [http-nio-8080-exec-6] DEBUG o.s.w.s.v.ContentNegotiatingViewResolver - Selected 'text/html' given [text/html, application/xhtml+xml, image/avif, image/webp, image/apng, application/xml;q=0.9, */*;q=0.8, application/signed-exchange;v=b3;q=0.7]
2025-10-02 16:19:14 [http-nio-8080-exec-6] DEBUG o.s.web.servlet.view.JstlView - View name [mypage/login], model {}
2025-10-02 16:19:14 [http-nio-8080-exec-6] DEBUG o.s.web.servlet.view.JstlView - Forwarding to [/WEB-INF/views/mypage/login.jsp]
2025-10-02 16:19:55 [http-nio-8080-exec-4] DEBUG org.hibernate.SQL - 
    select
        m1_0.id,
        m1_0.address,
        m1_0.address_etc,
        m1_0.created_at,
        m1_0.department,
        m1_0.email,
        m1_0.hospital_name,
        m1_0.memo,
        m1_0.name,
        m1_0.password,
        m1_0.phone,
        m1_0.recommend_code,
        m1_0.recommended_employee,
        m1_0.status,
        m1_0.updated_at,
        m1_0.username,
        m1_0.visit_num 
    from
        member m1_0 
    where
        m1_0.username=?
2025-10-02 16:19:55 [http-nio-8080-exec-4] DEBUG org.hibernate.SQL - 
    update
        member 
    set
        address=?,
        address_etc=?,
        created_at=?,
        department=?,
        email=?,
        hospital_name=?,
        memo=?,
        name=?,
        password=?,
        phone=?,
        recommend_code=?,
        recommended_employee=?,
        status=?,
        updated_at=?,
        username=?,
        visit_num=? 
    where
        id=?
2025-10-02 16:19:55 [http-nio-8080-exec-4] DEBUG o.s.web.servlet.view.RedirectView - View name [redirect:], model {}
2025-10-02 16:19:55 [http-nio-8080-exec-8] DEBUG org.hibernate.SQL - 
    select
        m1_0.id,
        m1_0.address,
        m1_0.address_etc,
        m1_0.created_at,
        m1_0.department,
        m1_0.email,
        m1_0.hospital_name,
        m1_0.memo,
        m1_0.name,
        m1_0.password,
        m1_0.phone,
        m1_0.recommend_code,
        m1_0.recommended_employee,
        m1_0.status,
        m1_0.updated_at,
        m1_0.username,
        m1_0.visit_num 
    from
        member m1_0 
    where
        m1_0.username=?
2025-10-02 16:19:55 [http-nio-8080-exec-8] DEBUG o.s.w.s.v.ContentNegotiatingViewResolver - Selected 'text/html' given [text/html, application/xhtml+xml, image/avif, image/webp, image/apng, application/xml;q=0.9, */*;q=0.8, application/signed-exchange;v=b3;q=0.7]
2025-10-02 16:19:55 [http-nio-8080-exec-8] DEBUG o.s.web.servlet.view.JstlView - View name [mypage/profile], model {message=로그인되었습니다., member=com.shinki.shinki.entity.Member@3a475d8e, org.springframework.validation.BindingResult.member=org.springframework.validation.BeanPropertyBindingResult: 0 errors}
2025-10-02 16:19:55 [http-nio-8080-exec-8] DEBUG o.s.web.servlet.view.JstlView - Forwarding to [/WEB-INF/views/mypage/profile.jsp]
2025-10-02 16:20:04 [http-nio-8080-exec-9] DEBUG org.hibernate.SQL - 
    select
        m1_0.id,
        m1_0.address,
        m1_0.address_etc,
        m1_0.created_at,
        m1_0.department,
        m1_0.email,
        m1_0.hospital_name,
        m1_0.memo,
        m1_0.name,
        m1_0.password,
        m1_0.phone,
        m1_0.recommend_code,
        m1_0.recommended_employee,
        m1_0.status,
        m1_0.updated_at,
        m1_0.username,
        m1_0.visit_num 
    from
        member m1_0 
    where
        m1_0.username=?
2025-10-02 16:20:04 [http-nio-8080-exec-9] DEBUG o.s.w.s.v.ContentNegotiatingViewResolver - Selected 'text/html' given [text/html, application/xhtml+xml, image/avif, image/webp, image/apng, application/xml;q=0.9, */*;q=0.8, application/signed-exchange;v=b3;q=0.7]
2025-10-02 16:20:04 [http-nio-8080-exec-9] DEBUG o.s.web.servlet.view.JstlView - View name [mypage/request], model {memberId=123}
2025-10-02 16:20:04 [http-nio-8080-exec-9] DEBUG o.s.web.servlet.view.JstlView - Forwarding to [/WEB-INF/views/mypage/request.jsp]
2025-10-02 16:20:05 [http-nio-8080-exec-5] DEBUG org.hibernate.SQL - 
    select
        m1_0.id,
        m1_0.address,
        m1_0.address_etc,
        m1_0.created_at,
        m1_0.department,
        m1_0.email,
        m1_0.hospital_name,
        m1_0.memo,
        m1_0.name,
        m1_0.password,
        m1_0.phone,
        m1_0.recommend_code,
        m1_0.recommended_employee,
        m1_0.status,
        m1_0.updated_at,
        m1_0.username,
        m1_0.visit_num 
    from
        member m1_0 
    where
        m1_0.username=?
2025-10-02 16:20:06 [http-nio-8080-exec-5] DEBUG o.s.w.s.v.ContentNegotiatingViewResolver - Selected 'text/html' given [text/html, application/xhtml+xml, image/avif, image/webp, image/apng, application/xml;q=0.9, */*;q=0.8, application/signed-exchange;v=b3;q=0.7]
2025-10-02 16:20:06 [http-nio-8080-exec-5] DEBUG o.s.web.servlet.view.JstlView - View name [mypage/request], model {memberId=123}
2025-10-02 16:20:06 [http-nio-8080-exec-5] DEBUG o.s.web.servlet.view.JstlView - Forwarding to [/WEB-INF/views/mypage/request.jsp]
2025-10-02 16:20:07 [http-nio-8080-exec-1] DEBUG org.hibernate.SQL - 
    select
        m1_0.id,
        m1_0.address,
        m1_0.address_etc,
        m1_0.created_at,
        m1_0.department,
        m1_0.email,
        m1_0.hospital_name,
        m1_0.memo,
        m1_0.name,
        m1_0.password,
        m1_0.phone,
        m1_0.recommend_code,
        m1_0.recommended_employee,
        m1_0.status,
        m1_0.updated_at,
        m1_0.username,
        m1_0.visit_num 
    from
        member m1_0 
    where
        m1_0.username=?
2025-10-02 16:20:07 [http-nio-8080-exec-1] DEBUG org.hibernate.SQL - 
    select
        r1_0.id,
        r1_0.admin_file_path,
        r1_0.application_type,
        r1_0.content,
        r1_0.created_at,
        r1_0.file_path,
        r1_0.member_id,
        r1_0.money,
        r1_0.payment_amount,
        r1_0.payment_method,
        r1_0.payment_status,
        r1_0.privacy_agreed,
        r1_0.privacy_agreement,
        r1_0.reg_condition,
        r1_0.status,
        r1_0.status_cancel,
        r1_0.title,
        r1_0.updated_at 
    from
        request r1_0 
    left join
        member m1_0 
            on m1_0.id=r1_0.member_id 
    where
        m1_0.id=? 
    order by
        r1_0.created_at desc
2025-10-02 16:20:07 [http-nio-8080-exec-1] DEBUG o.s.w.s.v.ContentNegotiatingViewResolver - Selected 'text/html' given [text/html, application/xhtml+xml, image/avif, image/webp, image/apng, application/xml;q=0.9, */*;q=0.8, application/signed-exchange;v=b3;q=0.7]
2025-10-02 16:20:07 [http-nio-8080-exec-1] DEBUG o.s.web.servlet.view.JstlView - View name [mypage/orders], model {requests=[com.shinki.shinki.entity.Request@290c4e82, com.shinki.shinki.entity.Request@e20560, com.shinki.shinki.entity.Request@17fec369, com.shinki.shinki.entity.Request@6be9e8d2, com.shinki.shinki.entity.Request@20dac373, com.shinki.shinki.entity.Request@30030b0d], searchDate=null, inProgressCount=3, completedCount=3}
2025-10-02 16:20:07 [http-nio-8080-exec-1] DEBUG o.s.web.servlet.view.JstlView - Forwarding to [/WEB-INF/views/mypage/orders.jsp]
2025-10-02 16:21:57 [SpringApplicationShutdownHook] INFO  o.s.b.w.e.tomcat.GracefulShutdown - Commencing graceful shutdown. Waiting for active requests to complete
2025-10-02 16:21:57 [tomcat-shutdown] INFO  o.s.b.w.e.tomcat.GracefulShutdown - Graceful shutdown complete
2025-10-02 16:21:57 [SpringApplicationShutdownHook] INFO  o.s.o.j.LocalContainerEntityManagerFactoryBean - Closing JPA EntityManagerFactory for persistence unit 'default'
2025-10-02 16:21:57 [SpringApplicationShutdownHook] INFO  com.zaxxer.hikari.HikariDataSource - HikariPool-1 - Shutdown initiated...
2025-10-02 16:21:57 [SpringApplicationShutdownHook] INFO  com.zaxxer.hikari.HikariDataSource - HikariPool-1 - Shutdown completed.
2025-10-02 16:22:26 [main] INFO  com.shinki.shinki.ShinkiApplication - Starting ShinkiApplication using Java 21.0.7 with PID 5376 (D:\Project\Zetta_Git\shinki-new\target\classes started by zetta in D:\Project\Zetta_Git\shinki-new)
2025-10-02 16:22:26 [main] DEBUG com.shinki.shinki.ShinkiApplication - Running with Spring Boot v3.5.5, Spring v6.2.10
2025-10-02 16:22:26 [main] INFO  com.shinki.shinki.ShinkiApplication - No active profile set, falling back to 1 default profile: "default"
2025-10-02 16:22:27 [main] INFO  o.s.d.r.c.RepositoryConfigurationDelegate - Bootstrapping Spring Data JPA repositories in DEFAULT mode.
2025-10-02 16:22:27 [main] INFO  o.s.d.r.c.RepositoryConfigurationDelegate - Finished Spring Data repository scanning in 154 ms. Found 7 JPA repository interfaces.
2025-10-02 16:22:28 [main] INFO  o.s.b.w.e.tomcat.TomcatWebServer - Tomcat initialized with port 8080 (http)
2025-10-02 16:22:28 [main] INFO  o.a.catalina.core.StandardService - Starting service [Tomcat]
2025-10-02 16:22:28 [main] INFO  o.a.catalina.core.StandardEngine - Starting Servlet engine: [Apache Tomcat/10.1.44]
2025-10-02 16:22:28 [main] INFO  o.apache.jasper.servlet.TldScanner - At least one JAR was scanned for TLDs yet contained no TLDs. Enable debug logging for this logger for a complete list of JARs that were scanned but no TLDs were found in them. Skipping unneeded JARs during scanning can improve startup time and JSP compilation time.
2025-10-02 16:22:28 [main] INFO  o.a.c.c.C.[Tomcat].[localhost].[/] - Initializing Spring embedded WebApplicationContext
2025-10-02 16:22:28 [main] INFO  o.s.b.w.s.c.ServletWebServerApplicationContext - Root WebApplicationContext: initialization completed in 2268 ms
2025-10-02 16:22:29 [main] INFO  com.zaxxer.hikari.HikariDataSource - HikariPool-1 - Starting...
2025-10-02 16:22:29 [main] INFO  com.zaxxer.hikari.pool.HikariPool - HikariPool-1 - Added connection com.mysql.cj.jdbc.ConnectionImpl@2d313c8c
2025-10-02 16:22:29 [main] INFO  com.zaxxer.hikari.HikariDataSource - HikariPool-1 - Start completed.
2025-10-02 16:22:29 [main] INFO  o.h.jpa.internal.util.LogHelper - HHH000204: Processing PersistenceUnitInfo [name: default]
2025-10-02 16:22:29 [main] INFO  org.hibernate.Version - HHH000412: Hibernate ORM core version 6.6.26.Final
2025-10-02 16:22:29 [main] INFO  o.h.c.i.RegionFactoryInitiator - HHH000026: Second-level cache disabled
2025-10-02 16:22:30 [main] INFO  o.s.o.j.p.SpringPersistenceUnitInfo - No LoadTimeWeaver setup: ignoring JPA class transformer
2025-10-02 16:22:30 [main] WARN  org.hibernate.orm.deprecation - HHH90000025: MySQLDialect does not need to be specified explicitly using 'hibernate.dialect' (remove the property setting and it will be selected by default)
2025-10-02 16:22:30 [main] INFO  o.hibernate.orm.connections.pooling - HHH10001005: Database info:
	Database JDBC URL [Connecting through datasource 'HikariDataSource (HikariPool-1)']
	Database driver: undefined/unknown
	Database version: 8.0.42
	Autocommit mode: undefined/unknown
	Isolation level: undefined/unknown
	Minimum pool size: undefined/unknown
	Maximum pool size: undefined/unknown
2025-10-02 16:22:32 [main] INFO  o.h.e.t.j.p.i.JtaPlatformInitiator - HHH000489: No JTA platform available (set 'hibernate.transaction.jta.platform' to enable JTA platform integration)
2025-10-02 16:22:32 [main] DEBUG org.hibernate.SQL - 
    alter table member 
       modify column status VARCHAR(1) DEFAULT 'Y' not null
2025-10-02 16:22:32 [main] INFO  o.s.o.j.LocalContainerEntityManagerFactoryBean - Initialized JPA EntityManagerFactory for persistence unit 'default'
2025-10-02 16:22:33 [main] INFO  o.s.d.j.r.query.QueryEnhancerFactory - Hibernate is in classpath; If applicable, HQL parser will be used.
2025-10-02 16:22:37 [main] WARN  o.s.b.a.o.j.JpaBaseConfiguration$JpaWebConfiguration - spring.jpa.open-in-view is enabled by default. Therefore, database queries may be performed during view rendering. Explicitly configure spring.jpa.open-in-view to disable this warning
2025-10-02 16:22:37 [main] INFO  o.s.b.a.w.s.WelcomePageHandlerMapping - Adding welcome page template: index
2025-10-02 16:22:37 [main] INFO  o.s.b.w.e.tomcat.TomcatWebServer - Tomcat started on port 8080 (http) with context path '/'
2025-10-02 16:22:37 [main] INFO  com.shinki.shinki.ShinkiApplication - Started ShinkiApplication in 13.449 seconds (process running for 13.976)
2025-10-02 16:22:37 [main] DEBUG org.hibernate.SQL - 
    select
        count(*) 
    from
        member m1_0
2025-10-02 16:22:38 [http-nio-8080-exec-1] INFO  o.a.c.c.C.[Tomcat].[localhost].[/] - Initializing Spring DispatcherServlet 'dispatcherServlet'
2025-10-02 16:22:38 [http-nio-8080-exec-1] INFO  o.s.web.servlet.DispatcherServlet - Initializing Servlet 'dispatcherServlet'
2025-10-02 16:22:38 [http-nio-8080-exec-1] INFO  o.s.web.servlet.DispatcherServlet - Completed initialization in 2 ms
2025-10-02 16:22:39 [http-nio-8080-exec-1] DEBUG o.s.web.servlet.view.RedirectView - View name [redirect:], model {}
2025-10-02 16:22:39 [http-nio-8080-exec-2] DEBUG o.s.w.s.v.ContentNegotiatingViewResolver - Selected 'text/html' given [text/html, application/xhtml+xml, image/avif, image/webp, image/apng, application/xml;q=0.9, */*;q=0.8, application/signed-exchange;v=b3;q=0.7]
2025-10-02 16:22:39 [http-nio-8080-exec-2] DEBUG o.s.web.servlet.view.JstlView - View name [mypage/login], model {}
2025-10-02 16:22:39 [http-nio-8080-exec-2] DEBUG o.s.web.servlet.view.JstlView - Forwarding to [/WEB-INF/views/mypage/login.jsp]
2025-10-02 16:22:47 [http-nio-8080-exec-5] DEBUG org.hibernate.SQL - 
    select
        m1_0.id,
        m1_0.address,
        m1_0.address_etc,
        m1_0.created_at,
        m1_0.department,
        m1_0.email,
        m1_0.hospital_name,
        m1_0.memo,
        m1_0.name,
        m1_0.password,
        m1_0.phone,
        m1_0.recommend_code,
        m1_0.recommended_employee,
        m1_0.status,
        m1_0.updated_at,
        m1_0.username,
        m1_0.visit_num 
    from
        member m1_0 
    where
        m1_0.username=?
2025-10-02 16:22:47 [http-nio-8080-exec-5] DEBUG org.hibernate.SQL - 
    update
        member 
    set
        address=?,
        address_etc=?,
        created_at=?,
        department=?,
        email=?,
        hospital_name=?,
        memo=?,
        name=?,
        password=?,
        phone=?,
        recommend_code=?,
        recommended_employee=?,
        status=?,
        updated_at=?,
        username=?,
        visit_num=? 
    where
        id=?
2025-10-02 16:22:47 [http-nio-8080-exec-5] DEBUG o.s.web.servlet.view.RedirectView - View name [redirect:], model {}
2025-10-02 16:22:47 [http-nio-8080-exec-6] DEBUG org.hibernate.SQL - 
    select
        m1_0.id,
        m1_0.address,
        m1_0.address_etc,
        m1_0.created_at,
        m1_0.department,
        m1_0.email,
        m1_0.hospital_name,
        m1_0.memo,
        m1_0.name,
        m1_0.password,
        m1_0.phone,
        m1_0.recommend_code,
        m1_0.recommended_employee,
        m1_0.status,
        m1_0.updated_at,
        m1_0.username,
        m1_0.visit_num 
    from
        member m1_0 
    where
        m1_0.username=?
2025-10-02 16:22:47 [http-nio-8080-exec-6] DEBUG o.s.w.s.v.ContentNegotiatingViewResolver - Selected 'text/html' given [text/html, application/xhtml+xml, image/avif, image/webp, image/apng, application/xml;q=0.9, */*;q=0.8, application/signed-exchange;v=b3;q=0.7]
2025-10-02 16:22:47 [http-nio-8080-exec-6] DEBUG o.s.web.servlet.view.JstlView - View name [mypage/profile], model {message=로그인되었습니다., member=com.shinki.shinki.entity.Member@16b888b0, org.springframework.validation.BindingResult.member=org.springframework.validation.BeanPropertyBindingResult: 0 errors}
2025-10-02 16:22:47 [http-nio-8080-exec-6] DEBUG o.s.web.servlet.view.JstlView - Forwarding to [/WEB-INF/views/mypage/profile.jsp]
2025-10-02 16:22:50 [http-nio-8080-exec-7] DEBUG org.hibernate.SQL - 
    select
        m1_0.id,
        m1_0.address,
        m1_0.address_etc,
        m1_0.created_at,
        m1_0.department,
        m1_0.email,
        m1_0.hospital_name,
        m1_0.memo,
        m1_0.name,
        m1_0.password,
        m1_0.phone,
        m1_0.recommend_code,
        m1_0.recommended_employee,
        m1_0.status,
        m1_0.updated_at,
        m1_0.username,
        m1_0.visit_num 
    from
        member m1_0 
    where
        m1_0.username=?
2025-10-02 16:22:51 [http-nio-8080-exec-7] DEBUG org.hibernate.SQL - 
    select
        r1_0.id,
        r1_0.admin_file_path,
        r1_0.application_type,
        r1_0.content,
        r1_0.created_at,
        r1_0.file_path,
        r1_0.member_id,
        r1_0.money,
        r1_0.payment_amount,
        r1_0.payment_method,
        r1_0.payment_status,
        r1_0.privacy_agreed,
        r1_0.privacy_agreement,
        r1_0.reg_condition,
        r1_0.status,
        r1_0.status_cancel,
        r1_0.title,
        r1_0.updated_at 
    from
        request r1_0 
    left join
        member m1_0 
            on m1_0.id=r1_0.member_id 
    where
        m1_0.id=? 
    order by
        r1_0.created_at desc
2025-10-02 16:22:51 [http-nio-8080-exec-7] DEBUG o.s.w.s.v.ContentNegotiatingViewResolver - Selected 'text/html' given [text/html, application/xhtml+xml, image/avif, image/webp, image/apng, application/xml;q=0.9, */*;q=0.8, application/signed-exchange;v=b3;q=0.7]
2025-10-02 16:22:51 [http-nio-8080-exec-7] DEBUG o.s.web.servlet.view.JstlView - View name [mypage/orders], model {requests=[com.shinki.shinki.entity.Request@5ff91506, com.shinki.shinki.entity.Request@977cd0c, com.shinki.shinki.entity.Request@6d590e9e, com.shinki.shinki.entity.Request@d8e6a86, com.shinki.shinki.entity.Request@1ac81f14, com.shinki.shinki.entity.Request@2de0aeec], searchDate=null, inProgressCount=3, completedCount=3}
2025-10-02 16:22:51 [http-nio-8080-exec-7] DEBUG o.s.web.servlet.view.JstlView - Forwarding to [/WEB-INF/views/mypage/orders.jsp]
2025-10-02 16:23:54 [SpringApplicationShutdownHook] INFO  o.s.b.w.e.tomcat.GracefulShutdown - Commencing graceful shutdown. Waiting for active requests to complete
2025-10-02 16:23:54 [tomcat-shutdown] INFO  o.s.b.w.e.tomcat.GracefulShutdown - Graceful shutdown complete
2025-10-02 16:23:54 [SpringApplicationShutdownHook] INFO  o.s.o.j.LocalContainerEntityManagerFactoryBean - Closing JPA EntityManagerFactory for persistence unit 'default'
2025-10-02 16:23:54 [SpringApplicationShutdownHook] INFO  com.zaxxer.hikari.HikariDataSource - HikariPool-1 - Shutdown initiated...
2025-10-02 16:23:54 [SpringApplicationShutdownHook] INFO  com.zaxxer.hikari.HikariDataSource - HikariPool-1 - Shutdown completed.
2025-10-02 16:27:38 [main] INFO  com.shinki.shinki.ShinkiApplication - Starting ShinkiApplication using Java 21.0.7 with PID 8296 (D:\Project\Zetta_Git\shinki-new\target\classes started by zetta in D:\Project\Zetta_Git\shinki-new)
2025-10-02 16:27:38 [main] DEBUG com.shinki.shinki.ShinkiApplication - Running with Spring Boot v3.5.5, Spring v6.2.10
2025-10-02 16:27:38 [main] INFO  com.shinki.shinki.ShinkiApplication - No active profile set, falling back to 1 default profile: "default"
2025-10-02 16:27:41 [main] INFO  o.s.d.r.c.RepositoryConfigurationDelegate - Bootstrapping Spring Data JPA repositories in DEFAULT mode.
2025-10-02 16:27:41 [main] INFO  o.s.d.r.c.RepositoryConfigurationDelegate - Finished Spring Data repository scanning in 200 ms. Found 7 JPA repository interfaces.
2025-10-02 16:27:42 [main] INFO  o.s.b.w.e.tomcat.TomcatWebServer - Tomcat initialized with port 8080 (http)
2025-10-02 16:27:42 [main] INFO  o.a.catalina.core.StandardService - Starting service [Tomcat]
2025-10-02 16:27:42 [main] INFO  o.a.catalina.core.StandardEngine - Starting Servlet engine: [Apache Tomcat/10.1.44]
2025-10-02 16:27:42 [main] INFO  o.apache.jasper.servlet.TldScanner - At least one JAR was scanned for TLDs yet contained no TLDs. Enable debug logging for this logger for a complete list of JARs that were scanned but no TLDs were found in them. Skipping unneeded JARs during scanning can improve startup time and JSP compilation time.
2025-10-02 16:27:42 [main] INFO  o.a.c.c.C.[Tomcat].[localhost].[/] - Initializing Spring embedded WebApplicationContext
2025-10-02 16:27:42 [main] INFO  o.s.b.w.s.c.ServletWebServerApplicationContext - Root WebApplicationContext: initialization completed in 3681 ms
2025-10-02 16:27:42 [main] INFO  com.zaxxer.hikari.HikariDataSource - HikariPool-1 - Starting...
2025-10-02 16:27:43 [main] INFO  com.zaxxer.hikari.pool.HikariPool - HikariPool-1 - Added connection com.mysql.cj.jdbc.ConnectionImpl@6db328f8
2025-10-02 16:27:43 [main] INFO  com.zaxxer.hikari.HikariDataSource - HikariPool-1 - Start completed.
2025-10-02 16:27:43 [main] INFO  o.h.jpa.internal.util.LogHelper - HHH000204: Processing PersistenceUnitInfo [name: default]
2025-10-02 16:27:44 [main] INFO  org.hibernate.Version - HHH000412: Hibernate ORM core version 6.6.26.Final
2025-10-02 16:27:44 [main] INFO  o.h.c.i.RegionFactoryInitiator - HHH000026: Second-level cache disabled
2025-10-02 16:27:45 [main] INFO  o.s.o.j.p.SpringPersistenceUnitInfo - No LoadTimeWeaver setup: ignoring JPA class transformer
2025-10-02 16:27:45 [main] WARN  org.hibernate.orm.deprecation - HHH90000025: MySQLDialect does not need to be specified explicitly using 'hibernate.dialect' (remove the property setting and it will be selected by default)
2025-10-02 16:27:45 [main] INFO  o.hibernate.orm.connections.pooling - HHH10001005: Database info:
	Database JDBC URL [Connecting through datasource 'HikariDataSource (HikariPool-1)']
	Database driver: undefined/unknown
	Database version: 8.0.42
	Autocommit mode: undefined/unknown
	Isolation level: undefined/unknown
	Minimum pool size: undefined/unknown
	Maximum pool size: undefined/unknown
2025-10-02 16:27:46 [main] INFO  o.h.e.t.j.p.i.JtaPlatformInitiator - HHH000489: No JTA platform available (set 'hibernate.transaction.jta.platform' to enable JTA platform integration)
2025-10-02 16:27:47 [main] DEBUG org.hibernate.SQL - 
    alter table member 
       modify column status VARCHAR(1) DEFAULT 'Y' not null
2025-10-02 16:27:47 [main] INFO  o.s.o.j.LocalContainerEntityManagerFactoryBean - Initialized JPA EntityManagerFactory for persistence unit 'default'
2025-10-02 16:27:47 [main] INFO  o.s.d.j.r.query.QueryEnhancerFactory - Hibernate is in classpath; If applicable, HQL parser will be used.
2025-10-02 16:27:52 [main] WARN  o.s.b.a.o.j.JpaBaseConfiguration$JpaWebConfiguration - spring.jpa.open-in-view is enabled by default. Therefore, database queries may be performed during view rendering. Explicitly configure spring.jpa.open-in-view to disable this warning
2025-10-02 16:27:52 [main] INFO  o.s.b.a.w.s.WelcomePageHandlerMapping - Adding welcome page template: index
2025-10-02 16:27:52 [main] INFO  o.s.b.w.e.tomcat.TomcatWebServer - Tomcat started on port 8080 (http) with context path '/'
2025-10-02 16:27:53 [main] INFO  com.shinki.shinki.ShinkiApplication - Started ShinkiApplication in 15.652 seconds (process running for 16.847)
2025-10-02 16:27:53 [main] DEBUG org.hibernate.SQL - 
    select
        count(*) 
    from
        member m1_0
2025-10-02 16:28:01 [http-nio-8080-exec-1] INFO  o.a.c.c.C.[Tomcat].[localhost].[/] - Initializing Spring DispatcherServlet 'dispatcherServlet'
2025-10-02 16:28:01 [http-nio-8080-exec-1] INFO  o.s.web.servlet.DispatcherServlet - Initializing Servlet 'dispatcherServlet'
2025-10-02 16:28:01 [http-nio-8080-exec-1] INFO  o.s.web.servlet.DispatcherServlet - Completed initialization in 2 ms
2025-10-02 16:28:01 [http-nio-8080-exec-1] DEBUG o.s.web.servlet.view.RedirectView - View name [redirect:], model {}
2025-10-02 16:28:01 [http-nio-8080-exec-2] DEBUG o.s.w.s.v.ContentNegotiatingViewResolver - Selected 'text/html' given [text/html, application/xhtml+xml, image/avif, image/webp, image/apng, application/xml;q=0.9, */*;q=0.8, application/signed-exchange;v=b3;q=0.7]
2025-10-02 16:28:01 [http-nio-8080-exec-2] DEBUG o.s.web.servlet.view.JstlView - View name [mypage/login], model {}
2025-10-02 16:28:01 [http-nio-8080-exec-2] DEBUG o.s.web.servlet.view.JstlView - Forwarding to [/WEB-INF/views/mypage/login.jsp]
2025-10-02 16:28:09 [http-nio-8080-exec-3] DEBUG org.hibernate.SQL - 
    select
        m1_0.id,
        m1_0.address,
        m1_0.address_etc,
        m1_0.created_at,
        m1_0.department,
        m1_0.email,
        m1_0.hospital_name,
        m1_0.memo,
        m1_0.name,
        m1_0.password,
        m1_0.phone,
        m1_0.recommend_code,
        m1_0.recommended_employee,
        m1_0.status,
        m1_0.updated_at,
        m1_0.username,
        m1_0.visit_num 
    from
        member m1_0 
    where
        m1_0.username=?
2025-10-02 16:28:09 [http-nio-8080-exec-3] DEBUG org.hibernate.SQL - 
    update
        member 
    set
        address=?,
        address_etc=?,
        created_at=?,
        department=?,
        email=?,
        hospital_name=?,
        memo=?,
        name=?,
        password=?,
        phone=?,
        recommend_code=?,
        recommended_employee=?,
        status=?,
        updated_at=?,
        username=?,
        visit_num=? 
    where
        id=?
2025-10-02 16:28:09 [http-nio-8080-exec-3] DEBUG o.s.web.servlet.view.RedirectView - View name [redirect:], model {}
2025-10-02 16:28:09 [http-nio-8080-exec-4] DEBUG org.hibernate.SQL - 
    select
        m1_0.id,
        m1_0.address,
        m1_0.address_etc,
        m1_0.created_at,
        m1_0.department,
        m1_0.email,
        m1_0.hospital_name,
        m1_0.memo,
        m1_0.name,
        m1_0.password,
        m1_0.phone,
        m1_0.recommend_code,
        m1_0.recommended_employee,
        m1_0.status,
        m1_0.updated_at,
        m1_0.username,
        m1_0.visit_num 
    from
        member m1_0 
    where
        m1_0.username=?
2025-10-02 16:28:09 [http-nio-8080-exec-4] DEBUG o.s.w.s.v.ContentNegotiatingViewResolver - Selected 'text/html' given [text/html, application/xhtml+xml, image/avif, image/webp, image/apng, application/xml;q=0.9, */*;q=0.8, application/signed-exchange;v=b3;q=0.7]
2025-10-02 16:28:09 [http-nio-8080-exec-4] DEBUG o.s.web.servlet.view.JstlView - View name [mypage/profile], model {message=로그인되었습니다., member=com.shinki.shinki.entity.Member@7cf62436, org.springframework.validation.BindingResult.member=org.springframework.validation.BeanPropertyBindingResult: 0 errors}
2025-10-02 16:28:09 [http-nio-8080-exec-4] DEBUG o.s.web.servlet.view.JstlView - Forwarding to [/WEB-INF/views/mypage/profile.jsp]
2025-10-02 16:28:12 [http-nio-8080-exec-5] DEBUG org.hibernate.SQL - 
    select
        m1_0.id,
        m1_0.address,
        m1_0.address_etc,
        m1_0.created_at,
        m1_0.department,
        m1_0.email,
        m1_0.hospital_name,
        m1_0.memo,
        m1_0.name,
        m1_0.password,
        m1_0.phone,
        m1_0.recommend_code,
        m1_0.recommended_employee,
        m1_0.status,
        m1_0.updated_at,
        m1_0.username,
        m1_0.visit_num 
    from
        member m1_0 
    where
        m1_0.username=?
2025-10-02 16:28:12 [http-nio-8080-exec-5] DEBUG org.hibernate.SQL - 
    select
        r1_0.id,
        r1_0.admin_file_path,
        r1_0.application_type,
        r1_0.content,
        r1_0.created_at,
        r1_0.file_path,
        r1_0.member_id,
        r1_0.money,
        r1_0.payment_amount,
        r1_0.payment_method,
        r1_0.payment_status,
        r1_0.privacy_agreed,
        r1_0.privacy_agreement,
        r1_0.reg_condition,
        r1_0.status,
        r1_0.status_cancel,
        r1_0.title,
        r1_0.updated_at 
    from
        request r1_0 
    left join
        member m1_0 
            on m1_0.id=r1_0.member_id 
    where
        m1_0.id=? 
    order by
        r1_0.created_at desc
2025-10-02 16:28:13 [http-nio-8080-exec-5] DEBUG o.s.w.s.v.ContentNegotiatingViewResolver - Selected 'text/html' given [text/html, application/xhtml+xml, image/avif, image/webp, image/apng, application/xml;q=0.9, */*;q=0.8, application/signed-exchange;v=b3;q=0.7]
2025-10-02 16:28:13 [http-nio-8080-exec-5] DEBUG o.s.web.servlet.view.JstlView - View name [mypage/orders], model {requests=[com.shinki.shinki.entity.Request@398d7f60, com.shinki.shinki.entity.Request@18783cd0, com.shinki.shinki.entity.Request@1b55261b, com.shinki.shinki.entity.Request@7a6963de, com.shinki.shinki.entity.Request@284d658c, com.shinki.shinki.entity.Request@710a42e9], startDate=null, endDate=null, inProgressCount=3, completedCount=3}
2025-10-02 16:28:13 [http-nio-8080-exec-5] DEBUG o.s.web.servlet.view.JstlView - Forwarding to [/WEB-INF/views/mypage/orders.jsp]
2025-10-02 16:28:23 [http-nio-8080-exec-10] DEBUG org.hibernate.SQL - 
    select
        m1_0.id,
        m1_0.address,
        m1_0.address_etc,
        m1_0.created_at,
        m1_0.department,
        m1_0.email,
        m1_0.hospital_name,
        m1_0.memo,
        m1_0.name,
        m1_0.password,
        m1_0.phone,
        m1_0.recommend_code,
        m1_0.recommended_employee,
        m1_0.status,
        m1_0.updated_at,
        m1_0.username,
        m1_0.visit_num 
    from
        member m1_0 
    where
        m1_0.username=?
2025-10-02 16:28:23 [http-nio-8080-exec-10] DEBUG org.hibernate.SQL - 
    select
        r1_0.id,
        r1_0.admin_file_path,
        r1_0.application_type,
        r1_0.content,
        r1_0.created_at,
        r1_0.file_path,
        r1_0.member_id,
        r1_0.money,
        r1_0.payment_amount,
        r1_0.payment_method,
        r1_0.payment_status,
        r1_0.privacy_agreed,
        r1_0.privacy_agreement,
        r1_0.reg_condition,
        r1_0.status,
        r1_0.status_cancel,
        r1_0.title,
        r1_0.updated_at 
    from
        request r1_0 
    left join
        member m1_0 
            on m1_0.id=r1_0.member_id 
    where
        m1_0.id=? 
    order by
        r1_0.created_at desc
2025-10-02 16:28:23 [http-nio-8080-exec-10] DEBUG o.s.w.s.v.ContentNegotiatingViewResolver - Selected 'text/html' given [text/html, application/xhtml+xml, image/avif, image/webp, image/apng, application/xml;q=0.9, */*;q=0.8, application/signed-exchange;v=b3;q=0.7]
2025-10-02 16:28:23 [http-nio-8080-exec-10] DEBUG o.s.web.servlet.view.JstlView - View name [mypage/orders], model {requests=[com.shinki.shinki.entity.Request@b9aab0c, com.shinki.shinki.entity.Request@28c6f130, com.shinki.shinki.entity.Request@5de5c167, com.shinki.shinki.entity.Request@2e0f060c, com.shinki.shinki.entity.Request@70130a0a, com.shinki.shinki.entity.Request@6f432a49], startDate=, endDate=, inProgressCount=3, completedCount=3}
2025-10-02 16:28:23 [http-nio-8080-exec-10] DEBUG o.s.web.servlet.view.JstlView - Forwarding to [/WEB-INF/views/mypage/orders.jsp]
2025-10-02 16:28:31 [http-nio-8080-exec-7] DEBUG org.hibernate.SQL - 
    select
        m1_0.id,
        m1_0.address,
        m1_0.address_etc,
        m1_0.created_at,
        m1_0.department,
        m1_0.email,
        m1_0.hospital_name,
        m1_0.memo,
        m1_0.name,
        m1_0.password,
        m1_0.phone,
        m1_0.recommend_code,
        m1_0.recommended_employee,
        m1_0.status,
        m1_0.updated_at,
        m1_0.username,
        m1_0.visit_num 
    from
        member m1_0 
    where
        m1_0.username=?
2025-10-02 16:28:32 [http-nio-8080-exec-7] DEBUG org.hibernate.SQL - 
    select
        r1_0.id,
        r1_0.admin_file_path,
        r1_0.application_type,
        r1_0.content,
        r1_0.created_at,
        r1_0.file_path,
        r1_0.member_id,
        r1_0.money,
        r1_0.payment_amount,
        r1_0.payment_method,
        r1_0.payment_status,
        r1_0.privacy_agreed,
        r1_0.privacy_agreement,
        r1_0.reg_condition,
        r1_0.status,
        r1_0.status_cancel,
        r1_0.title,
        r1_0.updated_at 
    from
        request r1_0 
    where
        r1_0.member_id=? 
        and r1_0.created_at>=? 
        and r1_0.created_at<? 
    order by
        r1_0.created_at desc
2025-10-02 16:28:32 [http-nio-8080-exec-7] DEBUG o.s.w.s.v.ContentNegotiatingViewResolver - Selected 'text/html' given [text/html, application/xhtml+xml, image/avif, image/webp, image/apng, application/xml;q=0.9, */*;q=0.8, application/signed-exchange;v=b3;q=0.7]
2025-10-02 16:28:32 [http-nio-8080-exec-7] DEBUG o.s.web.servlet.view.JstlView - View name [mypage/orders], model {requests=[], startDate=2025-10-02, endDate=2025-10-09, inProgressCount=0, completedCount=0}
2025-10-02 16:28:32 [http-nio-8080-exec-7] DEBUG o.s.web.servlet.view.JstlView - Forwarding to [/WEB-INF/views/mypage/orders.jsp]
2025-10-02 16:28:43 [http-nio-8080-exec-8] DEBUG org.hibernate.SQL - 
    select
        m1_0.id,
        m1_0.address,
        m1_0.address_etc,
        m1_0.created_at,
        m1_0.department,
        m1_0.email,
        m1_0.hospital_name,
        m1_0.memo,
        m1_0.name,
        m1_0.password,
        m1_0.phone,
        m1_0.recommend_code,
        m1_0.recommended_employee,
        m1_0.status,
        m1_0.updated_at,
        m1_0.username,
        m1_0.visit_num 
    from
        member m1_0 
    where
        m1_0.username=?
2025-10-02 16:28:43 [http-nio-8080-exec-8] DEBUG org.hibernate.SQL - 
    select
        r1_0.id,
        r1_0.admin_file_path,
        r1_0.application_type,
        r1_0.content,
        r1_0.created_at,
        r1_0.file_path,
        r1_0.member_id,
        r1_0.money,
        r1_0.payment_amount,
        r1_0.payment_method,
        r1_0.payment_status,
        r1_0.privacy_agreed,
        r1_0.privacy_agreement,
        r1_0.reg_condition,
        r1_0.status,
        r1_0.status_cancel,
        r1_0.title,
        r1_0.updated_at 
    from
        request r1_0 
    where
        r1_0.member_id=? 
        and r1_0.created_at>=? 
        and r1_0.created_at<? 
    order by
        r1_0.created_at desc
2025-10-02 16:28:44 [http-nio-8080-exec-8] DEBUG o.s.w.s.v.ContentNegotiatingViewResolver - Selected 'text/html' given [text/html, application/xhtml+xml, image/avif, image/webp, image/apng, application/xml;q=0.9, */*;q=0.8, application/signed-exchange;v=b3;q=0.7]
2025-10-02 16:28:44 [http-nio-8080-exec-8] DEBUG o.s.web.servlet.view.JstlView - View name [mypage/orders], model {requests=[com.shinki.shinki.entity.Request@759c9bb0, com.shinki.shinki.entity.Request@6c660656, com.shinki.shinki.entity.Request@5e76f0ea, com.shinki.shinki.entity.Request@1806d56f, com.shinki.shinki.entity.Request@9d68cc4, com.shinki.shinki.entity.Request@555e7f1e], startDate=2025-09-01, endDate=2025-09-30, inProgressCount=3, completedCount=3}
2025-10-02 16:28:44 [http-nio-8080-exec-8] DEBUG o.s.web.servlet.view.JstlView - Forwarding to [/WEB-INF/views/mypage/orders.jsp]
2025-10-02 16:29:08 [http-nio-8080-exec-6] DEBUG o.s.w.s.v.ContentNegotiatingViewResolver - Selected 'text/html' given [text/html, application/xhtml+xml, image/avif, image/webp, image/apng, application/xml;q=0.9, */*;q=0.8, application/signed-exchange;v=b3;q=0.7]
2025-10-02 16:29:08 [http-nio-8080-exec-6] DEBUG o.s.web.servlet.view.JstlView - View name [admin/login], model {}
2025-10-02 16:29:08 [http-nio-8080-exec-6] DEBUG o.s.web.servlet.view.JstlView - Forwarding to [/WEB-INF/views/admin/login.jsp]
2025-10-02 16:29:13 [http-nio-8080-exec-3] DEBUG org.hibernate.SQL - 
    select
        a1_0.admin_no,
        a1_0.admin_id,
        a1_0.authority,
        a1_0.created_at,
        a1_0.department,
        a1_0.email,
        a1_0.name,
        a1_0.password,
        a1_0.phone,
        a1_0.position,
        a1_0.`rank`,
        a1_0.updated_at 
    from
        admin a1_0 
    where
        a1_0.admin_id=? 
        and a1_0.password=?
2025-10-02 16:29:13 [http-nio-8080-exec-3] DEBUG o.s.web.servlet.view.RedirectView - View name [redirect:], model {}
2025-10-02 16:29:13 [http-nio-8080-exec-4] DEBUG org.hibernate.SQL - 
    select
        a1_0.admin_no,
        a1_0.admin_id,
        a1_0.authority,
        a1_0.created_at,
        a1_0.department,
        a1_0.email,
        a1_0.name,
        a1_0.password,
        a1_0.phone,
        a1_0.position,
        a1_0.`rank`,
        a1_0.updated_at 
    from
        admin a1_0 
    order by
        a1_0.admin_no desc 
    limit
        ?, ?
2025-10-02 16:29:13 [http-nio-8080-exec-4] DEBUG o.s.w.s.v.ContentNegotiatingViewResolver - Selected 'text/html' given [text/html, application/xhtml+xml, image/avif, image/webp, image/apng, application/xml;q=0.9, */*;q=0.8, application/signed-exchange;v=b3;q=0.7]
2025-10-02 16:29:13 [http-nio-8080-exec-4] DEBUG o.s.web.servlet.view.JstlView - View name [admin/admin-account], model {admins=[com.shinki.shinki.entity.Admin@286edd0a, com.shinki.shinki.entity.Admin@2559742, com.shinki.shinki.entity.Admin@5ed578ba, com.shinki.shinki.entity.Admin@229a7c0f, com.shinki.shinki.entity.Admin@7c4263db], currentPage=0, totalPages=1, totalElements=5, size=10}
2025-10-02 16:29:13 [http-nio-8080-exec-4] DEBUG o.s.web.servlet.view.JstlView - Forwarding to [/WEB-INF/views/admin/admin-account.jsp]
2025-10-02 16:29:20 [http-nio-8080-exec-10] DEBUG org.hibernate.SQL - 
    select
        r1_0.id,
        r1_0.admin_file_path,
        r1_0.application_type,
        r1_0.content,
        r1_0.created_at,
        r1_0.file_path,
        r1_0.member_id,
        m1_0.id,
        m1_0.address,
        m1_0.address_etc,
        m1_0.created_at,
        m1_0.department,
        m1_0.email,
        m1_0.hospital_name,
        m1_0.memo,
        m1_0.name,
        m1_0.password,
        m1_0.phone,
        m1_0.recommend_code,
        m1_0.recommended_employee,
        m1_0.status,
        m1_0.updated_at,
        m1_0.username,
        m1_0.visit_num,
        r1_0.money,
        r1_0.payment_amount,
        r1_0.payment_method,
        r1_0.payment_status,
        r1_0.privacy_agreed,
        r1_0.privacy_agreement,
        r1_0.reg_condition,
        r1_0.status,
        r1_0.status_cancel,
        r1_0.title,
        r1_0.updated_at 
    from
        request r1_0 
    left join
        member m1_0 
            on m1_0.id=r1_0.member_id 
    order by
        r1_0.id desc,
        r1_0.id desc 
    limit
        ?
2025-10-02 16:29:21 [http-nio-8080-exec-10] DEBUG o.s.w.s.v.ContentNegotiatingViewResolver - Selected 'text/html' given [text/html, application/xhtml+xml, image/avif, image/webp, image/apng, application/xml;q=0.9, */*;q=0.8, application/signed-exchange;v=b3;q=0.7]
2025-10-02 16:29:21 [http-nio-8080-exec-10] DEBUG o.s.web.servlet.view.JstlView - View name [admin/request-history], model {requests=[com.shinki.shinki.entity.Request@7a13cc86, com.shinki.shinki.entity.Request@7aaf0bb4, com.shinki.shinki.entity.Request@6f7e4381, com.shinki.shinki.entity.Request@20fecedf, com.shinki.shinki.entity.Request@461d1038, com.shinki.shinki.entity.Request@5b623131, com.shinki.shinki.entity.Request@d3c84b4, com.shinki.shinki.entity.Request@23f2e438], currentPage=0, totalPages=1, totalElements=8, size=10, search=null}
2025-10-02 16:29:21 [http-nio-8080-exec-10] DEBUG o.s.web.servlet.view.JstlView - Forwarding to [/WEB-INF/views/admin/request-history.jsp]
2025-10-02 16:29:24 [http-nio-8080-exec-7] DEBUG org.hibernate.SQL - 
    select
        r1_0.id,
        r1_0.admin_file_path,
        r1_0.application_type,
        r1_0.content,
        r1_0.created_at,
        r1_0.file_path,
        r1_0.member_id,
        m1_0.id,
        m1_0.address,
        m1_0.address_etc,
        m1_0.created_at,
        m1_0.department,
        m1_0.email,
        m1_0.hospital_name,
        m1_0.memo,
        m1_0.name,
        m1_0.password,
        m1_0.phone,
        m1_0.recommend_code,
        m1_0.recommended_employee,
        m1_0.status,
        m1_0.updated_at,
        m1_0.username,
        m1_0.visit_num,
        r1_0.money,
        r1_0.payment_amount,
        r1_0.payment_method,
        r1_0.payment_status,
        r1_0.privacy_agreed,
        r1_0.privacy_agreement,
        r1_0.reg_condition,
        r1_0.status,
        r1_0.status_cancel,
        r1_0.title,
        r1_0.updated_at 
    from
        request r1_0 
    left join
        member m1_0 
            on m1_0.id=r1_0.member_id 
    where
        r1_0.id=?
2025-10-02 16:29:24 [http-nio-8080-exec-7] DEBUG org.hibernate.SQL - 
    select
        rr1_0.id,
        rr1_0.admin_no,
        rr1_0.admin_content,
        rr1_0.admin_created_at,
        rr1_0.created_at,
        rr1_0.member_id,
        rr1_0.parent_id,
        rr1_0.request_id,
        rr1_0.updated_at,
        rr1_0.user_content,
        rr1_0.user_created_at 
    from
        reply_request rr1_0 
    where
        rr1_0.request_id=? 
        and rr1_0.parent_id is null 
    order by
        rr1_0.created_at desc
2025-10-02 16:29:24 [http-nio-8080-exec-7] DEBUG org.hibernate.SQL - 
    select
        a1_0.admin_no,
        a1_0.admin_id,
        a1_0.authority,
        a1_0.created_at,
        a1_0.department,
        a1_0.email,
        a1_0.name,
        a1_0.password,
        a1_0.phone,
        a1_0.position,
        a1_0.`rank`,
        a1_0.updated_at 
    from
        admin a1_0 
    order by
        a1_0.admin_no desc
2025-10-02 16:29:24 [http-nio-8080-exec-7] DEBUG o.s.w.s.v.ContentNegotiatingViewResolver - Selected 'text/html' given [text/html, application/xhtml+xml, image/avif, image/webp, image/apng, application/xml;q=0.9, */*;q=0.8, application/signed-exchange;v=b3;q=0.7]
2025-10-02 16:29:24 [http-nio-8080-exec-7] DEBUG o.s.web.servlet.view.JstlView - View name [admin/view-request-details], model {request=com.shinki.shinki.entity.Request@41e468ed, userComments=[], admins=[com.shinki.shinki.entity.Admin@6a892edd, com.shinki.shinki.entity.Admin@6d7bacbc, com.shinki.shinki.entity.Admin@26aaefe3, com.shinki.shinki.entity.Admin@795c85d8, com.shinki.shinki.entity.Admin@5a00a3e8], canModify=true, canReply=true, adminAuthority=모든권한, org.springframework.validation.BindingResult.request=org.springframework.validation.BeanPropertyBindingResult: 0 errors}
2025-10-02 16:29:24 [http-nio-8080-exec-7] DEBUG o.s.web.servlet.view.JstlView - Forwarding to [/WEB-INF/views/admin/view-request-details.jsp]
2025-10-02 16:29:29 [http-nio-8080-exec-9] DEBUG org.hibernate.SQL - 
    select
        cr1_0.id,
        cr1_0.consultation_content,
        cr1_0.consultation_date,
        cr1_0.consultation_time,
        cr1_0.created_at,
        cr1_0.hospital_name,
        cr1_0.name,
        cr1_0.phone,
        cr1_0.status,
        cr1_0.updated_at 
    from
        con_reg cr1_0 
    order by
        cr1_0.created_at desc 
    limit
        ?, ?
2025-10-02 16:29:29 [http-nio-8080-exec-9] DEBUG o.s.w.s.v.ContentNegotiatingViewResolver - Selected 'text/html' given [text/html, application/xhtml+xml, image/avif, image/webp, image/apng, application/xml;q=0.9, */*;q=0.8, application/signed-exchange;v=b3;q=0.7]
2025-10-02 16:29:29 [http-nio-8080-exec-9] DEBUG o.s.web.servlet.view.JstlView - View name [admin/consultation-request], model {consultations=[ConReg{id=3, name='정재우', hospitalName='재우병원3', phone='01023453433', consultationDate=2025-10-23, consultationTime=11:42, consultationContent='ㅇㄹㄴㅁㄹㄴㄹㄴㅁㄻㄴㅇㄹ
ㄴㅇㄹㄴㅁㅇㄹㄴㅇㅁㄹㅇㄴㅁㄹ', status='대기', createdAt=2025-10-01T07:39, updatedAt=2025-10-01T07:39}, ConReg{id=4, name='정재우', hospitalName='재우병원3', phone='01023453433', consultationDate=2025-10-23, consultationTime=11:42, consultationContent='ㅇㄹㄴㅁㄹㄴㄹㄴㅁㄻㄴㅇㄹ
ㄴㅇㄹㄴㅁㅇㄹㄴㅇㅁㄹㅇㄴㅁㄹ', status='대기', createdAt=2025-10-01T07:39, updatedAt=2025-10-01T07:39}, ConReg{id=2, name='정재일', hospitalName='재일병원', phone='024662357', consultationDate=2025-09-23, consultationTime=13:42, consultationContent='상담하고파
이제 상담하자', status='대기', createdAt=2025-09-23T23:39:55, updatedAt=2025-09-23T23:39:55}, ConReg{id=1, name='정재우', hospitalName='재우병원', phone='01212121', consultationDate=2025-09-26, consultationTime=14:37, consultationContent='ㅇㄹㄴㅇㄹㅇㄹㅇㄴㄹㅇㄴㄹㅇㄹ
ㄴㅇㄹㅇㄴㄹㄴㅇㄹㅇㄴㄹ', status='대기', createdAt=2025-09-23T23:33:45, updatedAt=2025-09-23T23:33:45}], currentPage=0, totalPages=1, totalElements=4, size=10, searchType=null, searchValue=null, sortBy=createdAt, sortDir=desc}
2025-10-02 16:29:29 [http-nio-8080-exec-9] DEBUG o.s.web.servlet.view.JstlView - Forwarding to [/WEB-INF/views/admin/consultation-request.jsp]
2025-10-02 16:29:36 [http-nio-8080-exec-6] DEBUG org.hibernate.SQL - 
    select
        cr1_0.id,
        cr1_0.consultation_content,
        cr1_0.consultation_date,
        cr1_0.consultation_time,
        cr1_0.created_at,
        cr1_0.hospital_name,
        cr1_0.name,
        cr1_0.phone,
        cr1_0.status,
        cr1_0.updated_at 
    from
        con_reg cr1_0 
    order by
        cr1_0.created_at desc 
    limit
        ?, ?
2025-10-02 16:29:36 [http-nio-8080-exec-6] DEBUG o.s.w.s.v.ContentNegotiatingViewResolver - Selected 'text/html' given [text/html, application/xhtml+xml, image/avif, image/webp, image/apng, application/xml;q=0.9, */*;q=0.8, application/signed-exchange;v=b3;q=0.7]
2025-10-02 16:29:36 [http-nio-8080-exec-6] DEBUG o.s.web.servlet.view.JstlView - View name [admin/consultation-request], model {consultations=[ConReg{id=3, name='정재우', hospitalName='재우병원3', phone='01023453433', consultationDate=2025-10-23, consultationTime=11:42, consultationContent='ㅇㄹㄴㅁㄹㄴㄹㄴㅁㄻㄴㅇㄹ
ㄴㅇㄹㄴㅁㅇㄹㄴㅇㅁㄹㅇㄴㅁㄹ', status='대기', createdAt=2025-10-01T07:39, updatedAt=2025-10-01T07:39}, ConReg{id=4, name='정재우', hospitalName='재우병원3', phone='01023453433', consultationDate=2025-10-23, consultationTime=11:42, consultationContent='ㅇㄹㄴㅁㄹㄴㄹㄴㅁㄻㄴㅇㄹ
ㄴㅇㄹㄴㅁㅇㄹㄴㅇㅁㄹㅇㄴㅁㄹ', status='대기', createdAt=2025-10-01T07:39, updatedAt=2025-10-01T07:39}, ConReg{id=2, name='정재일', hospitalName='재일병원', phone='024662357', consultationDate=2025-09-23, consultationTime=13:42, consultationContent='상담하고파
이제 상담하자', status='대기', createdAt=2025-09-23T23:39:55, updatedAt=2025-09-23T23:39:55}, ConReg{id=1, name='정재우', hospitalName='재우병원', phone='01212121', consultationDate=2025-09-26, consultationTime=14:37, consultationContent='ㅇㄹㄴㅇㄹㅇㄹㅇㄴㄹㅇㄴㄹㅇㄹ
ㄴㅇㄹㅇㄴㄹㄴㅇㄹㅇㄴㄹ', status='대기', createdAt=2025-09-23T23:33:45, updatedAt=2025-09-23T23:33:45}], currentPage=0, totalPages=1, totalElements=4, size=10, searchType=null, searchValue=, sortBy=createdAt, sortDir=desc}
2025-10-02 16:29:36 [http-nio-8080-exec-6] DEBUG o.s.web.servlet.view.JstlView - Forwarding to [/WEB-INF/views/admin/consultation-request.jsp]
2025-10-02 16:29:45 [http-nio-8080-exec-2] DEBUG o.s.w.s.v.ContentNegotiatingViewResolver - Selected 'text/html' given [text/html, application/xhtml+xml, image/avif, image/webp, image/apng, application/xml;q=0.9, */*;q=0.8, application/signed-exchange;v=b3;q=0.7]
2025-10-02 16:29:45 [http-nio-8080-exec-2] DEBUG o.s.web.servlet.view.JstlView - View name [admin/consultation-request], model {error=페이지 로드 중 오류가 발생했습니다: Cannot invoke "String.hashCode()" because "<local10>" is null}
2025-10-02 16:29:45 [http-nio-8080-exec-2] DEBUG o.s.web.servlet.view.JstlView - Forwarding to [/WEB-INF/views/admin/consultation-request.jsp]
2025-10-02 16:32:19 [SpringApplicationShutdownHook] INFO  o.s.b.w.e.tomcat.GracefulShutdown - Commencing graceful shutdown. Waiting for active requests to complete
2025-10-02 16:32:19 [tomcat-shutdown] INFO  o.s.b.w.e.tomcat.GracefulShutdown - Graceful shutdown complete
2025-10-02 16:32:19 [SpringApplicationShutdownHook] INFO  o.s.o.j.LocalContainerEntityManagerFactoryBean - Closing JPA EntityManagerFactory for persistence unit 'default'
2025-10-02 16:32:19 [SpringApplicationShutdownHook] INFO  com.zaxxer.hikari.HikariDataSource - HikariPool-1 - Shutdown initiated...
2025-10-02 16:32:20 [SpringApplicationShutdownHook] INFO  com.zaxxer.hikari.HikariDataSource - HikariPool-1 - Shutdown completed.
2025-10-02 16:33:42 [main] INFO  com.shinki.shinki.ShinkiApplication - Starting ShinkiApplication using Java 21.0.7 with PID 7840 (D:\Project\Zetta_Git\shinki-new\target\classes started by zetta in D:\Project\Zetta_Git\shinki-new)
2025-10-02 16:33:42 [main] DEBUG com.shinki.shinki.ShinkiApplication - Running with Spring Boot v3.5.5, Spring v6.2.10
2025-10-02 16:33:42 [main] INFO  com.shinki.shinki.ShinkiApplication - No active profile set, falling back to 1 default profile: "default"
2025-10-02 16:33:43 [main] INFO  o.s.d.r.c.RepositoryConfigurationDelegate - Bootstrapping Spring Data JPA repositories in DEFAULT mode.
2025-10-02 16:33:43 [main] INFO  o.s.d.r.c.RepositoryConfigurationDelegate - Finished Spring Data repository scanning in 117 ms. Found 7 JPA repository interfaces.
2025-10-02 16:33:43 [main] INFO  o.s.b.w.e.tomcat.TomcatWebServer - Tomcat initialized with port 8080 (http)
2025-10-02 16:33:43 [main] INFO  o.a.catalina.core.StandardService - Starting service [Tomcat]
2025-10-02 16:33:43 [main] INFO  o.a.catalina.core.StandardEngine - Starting Servlet engine: [Apache Tomcat/10.1.44]
2025-10-02 16:33:44 [main] INFO  o.apache.jasper.servlet.TldScanner - At least one JAR was scanned for TLDs yet contained no TLDs. Enable debug logging for this logger for a complete list of JARs that were scanned but no TLDs were found in them. Skipping unneeded JARs during scanning can improve startup time and JSP compilation time.
2025-10-02 16:33:44 [main] INFO  o.a.c.c.C.[Tomcat].[localhost].[/] - Initializing Spring embedded WebApplicationContext
2025-10-02 16:33:44 [main] INFO  o.s.b.w.s.c.ServletWebServerApplicationContext - Root WebApplicationContext: initialization completed in 2158 ms
2025-10-02 16:33:44 [main] INFO  com.zaxxer.hikari.HikariDataSource - HikariPool-1 - Starting...
2025-10-02 16:33:44 [main] INFO  com.zaxxer.hikari.pool.HikariPool - HikariPool-1 - Added connection com.mysql.cj.jdbc.ConnectionImpl@559af296
2025-10-02 16:33:44 [main] INFO  com.zaxxer.hikari.HikariDataSource - HikariPool-1 - Start completed.
2025-10-02 16:33:44 [main] INFO  o.h.jpa.internal.util.LogHelper - HHH000204: Processing PersistenceUnitInfo [name: default]
2025-10-02 16:33:44 [main] INFO  org.hibernate.Version - HHH000412: Hibernate ORM core version 6.6.26.Final
2025-10-02 16:33:45 [main] INFO  o.h.c.i.RegionFactoryInitiator - HHH000026: Second-level cache disabled
2025-10-02 16:33:45 [main] INFO  o.s.o.j.p.SpringPersistenceUnitInfo - No LoadTimeWeaver setup: ignoring JPA class transformer
2025-10-02 16:33:45 [main] WARN  org.hibernate.orm.deprecation - HHH90000025: MySQLDialect does not need to be specified explicitly using 'hibernate.dialect' (remove the property setting and it will be selected by default)
2025-10-02 16:33:45 [main] INFO  o.hibernate.orm.connections.pooling - HHH10001005: Database info:
	Database JDBC URL [Connecting through datasource 'HikariDataSource (HikariPool-1)']
	Database driver: undefined/unknown
	Database version: 8.0.42
	Autocommit mode: undefined/unknown
	Isolation level: undefined/unknown
	Minimum pool size: undefined/unknown
	Maximum pool size: undefined/unknown
2025-10-02 16:33:47 [main] INFO  o.h.e.t.j.p.i.JtaPlatformInitiator - HHH000489: No JTA platform available (set 'hibernate.transaction.jta.platform' to enable JTA platform integration)
2025-10-02 16:33:47 [main] DEBUG org.hibernate.SQL - 
    alter table member 
       modify column status VARCHAR(1) DEFAULT 'Y' not null
2025-10-02 16:33:47 [main] INFO  o.s.o.j.LocalContainerEntityManagerFactoryBean - Initialized JPA EntityManagerFactory for persistence unit 'default'
2025-10-02 16:33:47 [main] INFO  o.s.d.j.r.query.QueryEnhancerFactory - Hibernate is in classpath; If applicable, HQL parser will be used.
2025-10-02 16:33:52 [main] WARN  o.s.b.a.o.j.JpaBaseConfiguration$JpaWebConfiguration - spring.jpa.open-in-view is enabled by default. Therefore, database queries may be performed during view rendering. Explicitly configure spring.jpa.open-in-view to disable this warning
2025-10-02 16:33:53 [main] INFO  o.s.b.a.w.s.WelcomePageHandlerMapping - Adding welcome page template: index
2025-10-02 16:33:53 [main] INFO  o.s.b.w.e.tomcat.TomcatWebServer - Tomcat started on port 8080 (http) with context path '/'
2025-10-02 16:33:53 [main] INFO  com.shinki.shinki.ShinkiApplication - Started ShinkiApplication in 12.494 seconds (process running for 13.033)
2025-10-02 16:33:54 [main] DEBUG org.hibernate.SQL - 
    select
        count(*) 
    from
        member m1_0
2025-10-02 16:33:54 [http-nio-8080-exec-1] INFO  o.a.c.c.C.[Tomcat].[localhost].[/] - Initializing Spring DispatcherServlet 'dispatcherServlet'
2025-10-02 16:33:54 [http-nio-8080-exec-1] INFO  o.s.web.servlet.DispatcherServlet - Initializing Servlet 'dispatcherServlet'
2025-10-02 16:33:54 [http-nio-8080-exec-1] INFO  o.s.web.servlet.DispatcherServlet - Completed initialization in 2 ms
2025-10-02 16:33:54 [http-nio-8080-exec-2] DEBUG o.s.w.s.v.ContentNegotiatingViewResolver - Selected 'text/html' given [text/html, application/xhtml+xml, image/avif, image/webp, image/apng, application/xml;q=0.9, */*;q=0.8, application/signed-exchange;v=b3;q=0.7]
2025-10-02 16:33:54 [http-nio-8080-exec-2] DEBUG o.s.web.servlet.view.JstlView - View name [admin/login], model {}
2025-10-02 16:33:54 [http-nio-8080-exec-2] DEBUG o.s.web.servlet.view.JstlView - Forwarding to [/WEB-INF/views/admin/login.jsp]
2025-10-02 16:33:57 [http-nio-8080-exec-3] DEBUG org.hibernate.SQL - 
    select
        a1_0.admin_no,
        a1_0.admin_id,
        a1_0.authority,
        a1_0.created_at,
        a1_0.department,
        a1_0.email,
        a1_0.name,
        a1_0.password,
        a1_0.phone,
        a1_0.position,
        a1_0.`rank`,
        a1_0.updated_at 
    from
        admin a1_0 
    where
        a1_0.admin_id=? 
        and a1_0.password=?
2025-10-02 16:33:57 [http-nio-8080-exec-3] DEBUG o.s.web.servlet.view.RedirectView - View name [redirect:], model {}
2025-10-02 16:33:57 [http-nio-8080-exec-4] DEBUG org.hibernate.SQL - 
    select
        a1_0.admin_no,
        a1_0.admin_id,
        a1_0.authority,
        a1_0.created_at,
        a1_0.department,
        a1_0.email,
        a1_0.name,
        a1_0.password,
        a1_0.phone,
        a1_0.position,
        a1_0.`rank`,
        a1_0.updated_at 
    from
        admin a1_0 
    order by
        a1_0.admin_no desc 
    limit
        ?, ?
2025-10-02 16:33:57 [http-nio-8080-exec-4] DEBUG o.s.w.s.v.ContentNegotiatingViewResolver - Selected 'text/html' given [text/html, application/xhtml+xml, image/avif, image/webp, image/apng, application/xml;q=0.9, */*;q=0.8, application/signed-exchange;v=b3;q=0.7]
2025-10-02 16:33:57 [http-nio-8080-exec-4] DEBUG o.s.web.servlet.view.JstlView - View name [admin/admin-account], model {admins=[com.shinki.shinki.entity.Admin@625d9b46, com.shinki.shinki.entity.Admin@162b6cbb, com.shinki.shinki.entity.Admin@511a7588, com.shinki.shinki.entity.Admin@29d56b40, com.shinki.shinki.entity.Admin@275c4297], currentPage=0, totalPages=1, totalElements=5, size=10}
2025-10-02 16:33:57 [http-nio-8080-exec-4] DEBUG o.s.web.servlet.view.JstlView - Forwarding to [/WEB-INF/views/admin/admin-account.jsp]
2025-10-02 16:34:02 [http-nio-8080-exec-5] DEBUG o.s.w.s.v.ContentNegotiatingViewResolver - Selected 'text/html' given [text/html, application/xhtml+xml, image/avif, image/webp, image/apng, application/xml;q=0.9, */*;q=0.8, application/signed-exchange;v=b3;q=0.7]
2025-10-02 16:34:02 [http-nio-8080-exec-5] DEBUG o.s.web.servlet.view.JstlView - View name [error], model {status=404, timestamp=2025-10-02T16:34:02.535640}
2025-10-02 16:34:02 [http-nio-8080-exec-5] DEBUG o.s.web.servlet.view.JstlView - Forwarding to [/WEB-INF/views/error.jsp]
2025-10-02 16:34:07 [http-nio-8080-exec-6] DEBUG o.s.w.s.v.ContentNegotiatingViewResolver - Selected 'text/html' given [text/html, application/xhtml+xml, image/avif, image/webp, image/apng, application/xml;q=0.9, */*;q=0.8, application/signed-exchange;v=b3;q=0.7]
2025-10-02 16:34:07 [http-nio-8080-exec-6] DEBUG o.s.web.servlet.view.JstlView - View name [error], model {status=404, timestamp=2025-10-02T16:34:07.405116700}
2025-10-02 16:34:07 [http-nio-8080-exec-6] DEBUG o.s.web.servlet.view.JstlView - Forwarding to [/WEB-INF/views/error.jsp]
2025-10-02 16:34:13 [http-nio-8080-exec-7] DEBUG o.s.w.s.v.ContentNegotiatingViewResolver - Selected 'text/html' given [text/html, application/xhtml+xml, image/avif, image/webp, image/apng, application/xml;q=0.9, */*;q=0.8, application/signed-exchange;v=b3;q=0.7]
2025-10-02 16:34:13 [http-nio-8080-exec-7] DEBUG o.s.web.servlet.view.JstlView - View name [error], model {status=404, timestamp=2025-10-02T16:34:13.668609900}
2025-10-02 16:34:13 [http-nio-8080-exec-7] DEBUG o.s.web.servlet.view.JstlView - Forwarding to [/WEB-INF/views/error.jsp]
2025-10-02 16:34:18 [http-nio-8080-exec-8] DEBUG org.hibernate.SQL - 
    select
        a1_0.admin_no,
        a1_0.admin_id,
        a1_0.authority,
        a1_0.created_at,
        a1_0.department,
        a1_0.email,
        a1_0.name,
        a1_0.password,
        a1_0.phone,
        a1_0.position,
        a1_0.`rank`,
        a1_0.updated_at 
    from
        admin a1_0 
    order by
        a1_0.admin_no desc 
    limit
        ?, ?
2025-10-02 16:34:18 [http-nio-8080-exec-8] DEBUG o.s.w.s.v.ContentNegotiatingViewResolver - Selected 'text/html' given [text/html, application/xhtml+xml, image/avif, image/webp, image/apng, application/xml;q=0.9, */*;q=0.8, application/signed-exchange;v=b3;q=0.7]
2025-10-02 16:34:18 [http-nio-8080-exec-8] DEBUG o.s.web.servlet.view.JstlView - View name [admin/admin-account], model {admins=[com.shinki.shinki.entity.Admin@28b375ef, com.shinki.shinki.entity.Admin@79cb8cb6, com.shinki.shinki.entity.Admin@71963d75, com.shinki.shinki.entity.Admin@7d3eb7da, com.shinki.shinki.entity.Admin@4e11a99f], currentPage=0, totalPages=1, totalElements=5, size=10}
2025-10-02 16:34:18 [http-nio-8080-exec-8] DEBUG o.s.web.servlet.view.JstlView - Forwarding to [/WEB-INF/views/admin/admin-account.jsp]
2025-10-02 16:34:20 [http-nio-8080-exec-9] DEBUG o.s.w.s.v.ContentNegotiatingViewResolver - Selected 'text/html' given [text/html, application/xhtml+xml, image/avif, image/webp, image/apng, application/xml;q=0.9, */*;q=0.8, application/signed-exchange;v=b3;q=0.7]
2025-10-02 16:34:20 [http-nio-8080-exec-9] DEBUG o.s.web.servlet.view.JstlView - View name [error], model {status=404, timestamp=2025-10-02T16:34:20.765755800}
2025-10-02 16:34:20 [http-nio-8080-exec-9] DEBUG o.s.web.servlet.view.JstlView - Forwarding to [/WEB-INF/views/error.jsp]
2025-10-02 16:35:02 [http-nio-8080-exec-2] DEBUG org.hibernate.SQL - 
    select
        r1_0.id,
        r1_0.admin_file_path,
        r1_0.application_type,
        r1_0.content,
        r1_0.created_at,
        r1_0.file_path,
        r1_0.member_id,
        m1_0.id,
        m1_0.address,
        m1_0.address_etc,
        m1_0.created_at,
        m1_0.department,
        m1_0.email,
        m1_0.hospital_name,
        m1_0.memo,
        m1_0.name,
        m1_0.password,
        m1_0.phone,
        m1_0.recommend_code,
        m1_0.recommended_employee,
        m1_0.status,
        m1_0.updated_at,
        m1_0.username,
        m1_0.visit_num,
        r1_0.money,
        r1_0.payment_amount,
        r1_0.payment_method,
        r1_0.payment_status,
        r1_0.privacy_agreed,
        r1_0.privacy_agreement,
        r1_0.reg_condition,
        r1_0.status,
        r1_0.status_cancel,
        r1_0.title,
        r1_0.updated_at 
    from
        request r1_0 
    left join
        member m1_0 
            on m1_0.id=r1_0.member_id 
    order by
        r1_0.id desc,
        r1_0.id desc 
    limit
        ?
2025-10-02 16:35:02 [http-nio-8080-exec-2] DEBUG o.s.w.s.v.ContentNegotiatingViewResolver - Selected 'text/html' given [text/html, application/xhtml+xml, image/avif, image/webp, image/apng, application/xml;q=0.9, */*;q=0.8, application/signed-exchange;v=b3;q=0.7]
2025-10-02 16:35:02 [http-nio-8080-exec-2] DEBUG o.s.web.servlet.view.JstlView - View name [admin/request-history], model {requests=[com.shinki.shinki.entity.Request@53138c56, com.shinki.shinki.entity.Request@aaf7cee, com.shinki.shinki.entity.Request@5de2bd7c, com.shinki.shinki.entity.Request@69609bc4, com.shinki.shinki.entity.Request@57e78bbb, com.shinki.shinki.entity.Request@1f26c566, com.shinki.shinki.entity.Request@72f5c3fd, com.shinki.shinki.entity.Request@22a704ea], currentPage=0, totalPages=1, totalElements=8, size=10, search=null}
2025-10-02 16:35:03 [http-nio-8080-exec-2] DEBUG o.s.web.servlet.view.JstlView - Forwarding to [/WEB-INF/views/admin/request-history.jsp]
2025-10-02 16:35:04 [http-nio-8080-exec-3] DEBUG org.hibernate.SQL - 
    select
        r1_0.id,
        r1_0.admin_file_path,
        r1_0.application_type,
        r1_0.content,
        r1_0.created_at,
        r1_0.file_path,
        r1_0.member_id,
        m1_0.id,
        m1_0.address,
        m1_0.address_etc,
        m1_0.created_at,
        m1_0.department,
        m1_0.email,
        m1_0.hospital_name,
        m1_0.memo,
        m1_0.name,
        m1_0.password,
        m1_0.phone,
        m1_0.recommend_code,
        m1_0.recommended_employee,
        m1_0.status,
        m1_0.updated_at,
        m1_0.username,
        m1_0.visit_num,
        r1_0.money,
        r1_0.payment_amount,
        r1_0.payment_method,
        r1_0.payment_status,
        r1_0.privacy_agreed,
        r1_0.privacy_agreement,
        r1_0.reg_condition,
        r1_0.status,
        r1_0.status_cancel,
        r1_0.title,
        r1_0.updated_at 
    from
        request r1_0 
    left join
        member m1_0 
            on m1_0.id=r1_0.member_id 
    order by
        r1_0.id desc,
        r1_0.id desc 
    limit
        ?
2025-10-02 16:35:04 [http-nio-8080-exec-3] DEBUG o.s.w.s.v.ContentNegotiatingViewResolver - Selected 'text/html' given [text/html, application/xhtml+xml, image/avif, image/webp, image/apng, application/xml;q=0.9, */*;q=0.8, application/signed-exchange;v=b3;q=0.7]
2025-10-02 16:35:04 [http-nio-8080-exec-3] DEBUG o.s.web.servlet.view.JstlView - View name [admin/request-history], model {requests=[com.shinki.shinki.entity.Request@77be591e, com.shinki.shinki.entity.Request@ebf3de3, com.shinki.shinki.entity.Request@42022d64, com.shinki.shinki.entity.Request@9e6e996, com.shinki.shinki.entity.Request@7bb24349, com.shinki.shinki.entity.Request@28883856, com.shinki.shinki.entity.Request@169cde88, com.shinki.shinki.entity.Request@3314be89], currentPage=0, totalPages=1, totalElements=8, size=10, search=null}
2025-10-02 16:35:04 [http-nio-8080-exec-3] DEBUG o.s.web.servlet.view.JstlView - Forwarding to [/WEB-INF/views/admin/request-history.jsp]
2025-10-02 16:35:50 [SpringApplicationShutdownHook] INFO  o.s.b.w.e.tomcat.GracefulShutdown - Commencing graceful shutdown. Waiting for active requests to complete
2025-10-02 16:35:50 [tomcat-shutdown] INFO  o.s.b.w.e.tomcat.GracefulShutdown - Graceful shutdown complete
2025-10-02 16:35:50 [SpringApplicationShutdownHook] INFO  o.s.o.j.LocalContainerEntityManagerFactoryBean - Closing JPA EntityManagerFactory for persistence unit 'default'
2025-10-02 16:35:50 [SpringApplicationShutdownHook] INFO  com.zaxxer.hikari.HikariDataSource - HikariPool-1 - Shutdown initiated...
2025-10-02 16:35:50 [SpringApplicationShutdownHook] INFO  com.zaxxer.hikari.HikariDataSource - HikariPool-1 - Shutdown completed.
2025-10-02 16:37:19 [main] INFO  com.shinki.shinki.ShinkiApplication - Starting ShinkiApplication using Java 21.0.7 with PID 2248 (D:\Project\Zetta_Git\shinki-new\target\classes started by zetta in D:\Project\Zetta_Git\shinki-new)
2025-10-02 16:37:19 [main] DEBUG com.shinki.shinki.ShinkiApplication - Running with Spring Boot v3.5.5, Spring v6.2.10
2025-10-02 16:37:19 [main] INFO  com.shinki.shinki.ShinkiApplication - No active profile set, falling back to 1 default profile: "default"
2025-10-02 16:37:20 [main] INFO  o.s.d.r.c.RepositoryConfigurationDelegate - Bootstrapping Spring Data JPA repositories in DEFAULT mode.
2025-10-02 16:37:20 [main] INFO  o.s.d.r.c.RepositoryConfigurationDelegate - Finished Spring Data repository scanning in 192 ms. Found 7 JPA repository interfaces.
2025-10-02 16:37:21 [main] INFO  o.s.b.w.e.tomcat.TomcatWebServer - Tomcat initialized with port 8080 (http)
2025-10-02 16:37:21 [main] INFO  o.a.catalina.core.StandardService - Starting service [Tomcat]
2025-10-02 16:37:21 [main] INFO  o.a.catalina.core.StandardEngine - Starting Servlet engine: [Apache Tomcat/10.1.44]
2025-10-02 16:37:22 [main] INFO  o.apache.jasper.servlet.TldScanner - At least one JAR was scanned for TLDs yet contained no TLDs. Enable debug logging for this logger for a complete list of JARs that were scanned but no TLDs were found in them. Skipping unneeded JARs during scanning can improve startup time and JSP compilation time.
2025-10-02 16:37:22 [main] INFO  o.a.c.c.C.[Tomcat].[localhost].[/] - Initializing Spring embedded WebApplicationContext
2025-10-02 16:37:22 [main] INFO  o.s.b.w.s.c.ServletWebServerApplicationContext - Root WebApplicationContext: initialization completed in 3565 ms
2025-10-02 16:37:23 [main] INFO  com.zaxxer.hikari.HikariDataSource - HikariPool-1 - Starting...
2025-10-02 16:37:23 [main] INFO  com.zaxxer.hikari.pool.HikariPool - HikariPool-1 - Added connection com.mysql.cj.jdbc.ConnectionImpl@21390938
2025-10-02 16:37:23 [main] INFO  com.zaxxer.hikari.HikariDataSource - HikariPool-1 - Start completed.
2025-10-02 16:37:24 [main] INFO  o.h.jpa.internal.util.LogHelper - HHH000204: Processing PersistenceUnitInfo [name: default]
2025-10-02 16:37:24 [main] INFO  org.hibernate.Version - HHH000412: Hibernate ORM core version 6.6.26.Final
2025-10-02 16:37:24 [main] INFO  o.h.c.i.RegionFactoryInitiator - HHH000026: Second-level cache disabled
2025-10-02 16:37:24 [main] INFO  o.s.o.j.p.SpringPersistenceUnitInfo - No LoadTimeWeaver setup: ignoring JPA class transformer
2025-10-02 16:37:25 [main] WARN  org.hibernate.orm.deprecation - HHH90000025: MySQLDialect does not need to be specified explicitly using 'hibernate.dialect' (remove the property setting and it will be selected by default)
2025-10-02 16:37:25 [main] INFO  o.hibernate.orm.connections.pooling - HHH10001005: Database info:
	Database JDBC URL [Connecting through datasource 'HikariDataSource (HikariPool-1)']
	Database driver: undefined/unknown
	Database version: 8.0.42
	Autocommit mode: undefined/unknown
	Isolation level: undefined/unknown
	Minimum pool size: undefined/unknown
	Maximum pool size: undefined/unknown
2025-10-02 16:37:26 [main] INFO  o.h.e.t.j.p.i.JtaPlatformInitiator - HHH000489: No JTA platform available (set 'hibernate.transaction.jta.platform' to enable JTA platform integration)
2025-10-02 16:37:26 [main] DEBUG org.hibernate.SQL - 
    alter table member 
       modify column status VARCHAR(1) DEFAULT 'Y' not null
2025-10-02 16:37:27 [main] INFO  o.s.o.j.LocalContainerEntityManagerFactoryBean - Initialized JPA EntityManagerFactory for persistence unit 'default'
2025-10-02 16:37:27 [main] INFO  o.s.d.j.r.query.QueryEnhancerFactory - Hibernate is in classpath; If applicable, HQL parser will be used.
2025-10-02 16:37:32 [main] WARN  o.s.b.a.o.j.JpaBaseConfiguration$JpaWebConfiguration - spring.jpa.open-in-view is enabled by default. Therefore, database queries may be performed during view rendering. Explicitly configure spring.jpa.open-in-view to disable this warning
2025-10-02 16:37:32 [main] INFO  o.s.b.a.w.s.WelcomePageHandlerMapping - Adding welcome page template: index
2025-10-02 16:37:32 [main] INFO  o.s.b.w.e.tomcat.TomcatWebServer - Tomcat started on port 8080 (http) with context path '/'
2025-10-02 16:37:32 [main] INFO  com.shinki.shinki.ShinkiApplication - Started ShinkiApplication in 14.949 seconds (process running for 15.803)
2025-10-02 16:37:33 [main] DEBUG org.hibernate.SQL - 
    select
        count(*) 
    from
        member m1_0
2025-10-02 16:37:41 [http-nio-8080-exec-1] INFO  o.a.c.c.C.[Tomcat].[localhost].[/] - Initializing Spring DispatcherServlet 'dispatcherServlet'
2025-10-02 16:37:41 [http-nio-8080-exec-1] INFO  o.s.web.servlet.DispatcherServlet - Initializing Servlet 'dispatcherServlet'
2025-10-02 16:37:41 [http-nio-8080-exec-1] INFO  o.s.web.servlet.DispatcherServlet - Completed initialization in 2 ms
2025-10-02 16:37:41 [http-nio-8080-exec-2] DEBUG o.s.w.s.v.ContentNegotiatingViewResolver - Selected 'text/html' given [text/html, application/xhtml+xml, image/avif, image/webp, image/apng, application/xml;q=0.9, */*;q=0.8, application/signed-exchange;v=b3;q=0.7]
2025-10-02 16:37:41 [http-nio-8080-exec-2] DEBUG o.s.web.servlet.view.JstlView - View name [admin/login], model {}
2025-10-02 16:37:41 [http-nio-8080-exec-2] DEBUG o.s.web.servlet.view.JstlView - Forwarding to [/WEB-INF/views/admin/login.jsp]
2025-10-02 16:37:44 [http-nio-8080-exec-3] DEBUG org.hibernate.SQL - 
    select
        a1_0.admin_no,
        a1_0.admin_id,
        a1_0.authority,
        a1_0.created_at,
        a1_0.department,
        a1_0.email,
        a1_0.name,
        a1_0.password,
        a1_0.phone,
        a1_0.position,
        a1_0.`rank`,
        a1_0.updated_at 
    from
        admin a1_0 
    where
        a1_0.admin_id=? 
        and a1_0.password=?
2025-10-02 16:37:44 [http-nio-8080-exec-3] DEBUG o.s.web.servlet.view.RedirectView - View name [redirect:], model {}
2025-10-02 16:37:44 [http-nio-8080-exec-4] DEBUG org.hibernate.SQL - 
    select
        a1_0.admin_no,
        a1_0.admin_id,
        a1_0.authority,
        a1_0.created_at,
        a1_0.department,
        a1_0.email,
        a1_0.name,
        a1_0.password,
        a1_0.phone,
        a1_0.position,
        a1_0.`rank`,
        a1_0.updated_at 
    from
        admin a1_0 
    order by
        a1_0.admin_no desc 
    limit
        ?, ?
2025-10-02 16:37:44 [http-nio-8080-exec-4] DEBUG o.s.w.s.v.ContentNegotiatingViewResolver - Selected 'text/html' given [text/html, application/xhtml+xml, image/avif, image/webp, image/apng, application/xml;q=0.9, */*;q=0.8, application/signed-exchange;v=b3;q=0.7]
2025-10-02 16:37:44 [http-nio-8080-exec-4] DEBUG o.s.web.servlet.view.JstlView - View name [admin/admin-account], model {admins=[com.shinki.shinki.entity.Admin@7726fd3b, com.shinki.shinki.entity.Admin@3b7ce12b, com.shinki.shinki.entity.Admin@615f9f74, com.shinki.shinki.entity.Admin@3fe473cd, com.shinki.shinki.entity.Admin@7f6b8e2f], currentPage=0, totalPages=1, totalElements=5, size=10}
2025-10-02 16:37:44 [http-nio-8080-exec-4] DEBUG o.s.web.servlet.view.JstlView - Forwarding to [/WEB-INF/views/admin/admin-account.jsp]
2025-10-02 16:37:48 [http-nio-8080-exec-5] DEBUG org.hibernate.SQL - 
    select
        cr1_0.id,
        cr1_0.consultation_content,
        cr1_0.consultation_date,
        cr1_0.consultation_time,
        cr1_0.created_at,
        cr1_0.hospital_name,
        cr1_0.name,
        cr1_0.phone,
        cr1_0.status,
        cr1_0.updated_at 
    from
        con_reg cr1_0 
    order by
        cr1_0.created_at desc 
    limit
        ?, ?
2025-10-02 16:37:48 [http-nio-8080-exec-5] DEBUG o.s.w.s.v.ContentNegotiatingViewResolver - Selected 'text/html' given [text/html, application/xhtml+xml, image/avif, image/webp, image/apng, application/xml;q=0.9, */*;q=0.8, application/signed-exchange;v=b3;q=0.7]
2025-10-02 16:37:48 [http-nio-8080-exec-5] DEBUG o.s.web.servlet.view.JstlView - View name [admin/consultation-request], model {consultations=[ConReg{id=3, name='정재우', hospitalName='재우병원3', phone='01023453433', consultationDate=2025-10-23, consultationTime=11:42, consultationContent='ㅇㄹㄴㅁㄹㄴㄹㄴㅁㄻㄴㅇㄹ
ㄴㅇㄹㄴㅁㅇㄹㄴㅇㅁㄹㅇㄴㅁㄹ', status='대기', createdAt=2025-10-01T07:39, updatedAt=2025-10-01T07:39}, ConReg{id=4, name='정재우', hospitalName='재우병원3', phone='01023453433', consultationDate=2025-10-23, consultationTime=11:42, consultationContent='ㅇㄹㄴㅁㄹㄴㄹㄴㅁㄻㄴㅇㄹ
ㄴㅇㄹㄴㅁㅇㄹㄴㅇㅁㄹㅇㄴㅁㄹ', status='대기', createdAt=2025-10-01T07:39, updatedAt=2025-10-01T07:39}, ConReg{id=2, name='정재일', hospitalName='재일병원', phone='024662357', consultationDate=2025-09-23, consultationTime=13:42, consultationContent='상담하고파
이제 상담하자', status='대기', createdAt=2025-09-23T23:39:55, updatedAt=2025-09-23T23:39:55}, ConReg{id=1, name='정재우', hospitalName='재우병원', phone='01212121', consultationDate=2025-09-26, consultationTime=14:37, consultationContent='ㅇㄹㄴㅇㄹㅇㄹㅇㄴㄹㅇㄴㄹㅇㄹ
ㄴㅇㄹㅇㄴㄹㄴㅇㄹㅇㄴㄹ', status='대기', createdAt=2025-09-23T23:33:45, updatedAt=2025-09-23T23:33:45}], currentPage=0, totalPages=1, totalElements=4, size=10, searchType=null, searchValue=null, sortBy=createdAt, sortDir=desc}
2025-10-02 16:37:48 [http-nio-8080-exec-5] DEBUG o.s.web.servlet.view.JstlView - Forwarding to [/WEB-INF/views/admin/consultation-request.jsp]
2025-10-02 16:37:52 [http-nio-8080-exec-6] DEBUG o.s.w.s.v.ContentNegotiatingViewResolver - Selected 'text/html' given [text/html, application/xhtml+xml, image/avif, image/webp, image/apng, application/xml;q=0.9, */*;q=0.8, application/signed-exchange;v=b3;q=0.7]
2025-10-02 16:37:52 [http-nio-8080-exec-6] DEBUG o.s.web.servlet.view.JstlView - View name [admin/consultation-request], model {error=페이지 로드 중 오류가 발생했습니다: Cannot invoke "String.hashCode()" because "<local10>" is null}
2025-10-02 16:37:52 [http-nio-8080-exec-6] DEBUG o.s.web.servlet.view.JstlView - Forwarding to [/WEB-INF/views/admin/consultation-request.jsp]
2025-10-02 16:38:41 [http-nio-8080-exec-8] DEBUG org.hibernate.SQL - 
    select
        r1_0.id,
        r1_0.admin_file_path,
        r1_0.application_type,
        r1_0.content,
        r1_0.created_at,
        r1_0.file_path,
        r1_0.member_id,
        m1_0.id,
        m1_0.address,
        m1_0.address_etc,
        m1_0.created_at,
        m1_0.department,
        m1_0.email,
        m1_0.hospital_name,
        m1_0.memo,
        m1_0.name,
        m1_0.password,
        m1_0.phone,
        m1_0.recommend_code,
        m1_0.recommended_employee,
        m1_0.status,
        m1_0.updated_at,
        m1_0.username,
        m1_0.visit_num,
        r1_0.money,
        r1_0.payment_amount,
        r1_0.payment_method,
        r1_0.payment_status,
        r1_0.privacy_agreed,
        r1_0.privacy_agreement,
        r1_0.reg_condition,
        r1_0.status,
        r1_0.status_cancel,
        r1_0.title,
        r1_0.updated_at 
    from
        request r1_0 
    left join
        member m1_0 
            on m1_0.id=r1_0.member_id 
    order by
        r1_0.id desc,
        r1_0.id desc 
    limit
        ?
2025-10-02 16:38:41 [http-nio-8080-exec-8] DEBUG o.s.w.s.v.ContentNegotiatingViewResolver - Selected 'text/html' given [text/html, application/xhtml+xml, image/avif, image/webp, image/apng, application/xml;q=0.9, */*;q=0.8, application/signed-exchange;v=b3;q=0.7]
2025-10-02 16:38:41 [http-nio-8080-exec-8] DEBUG o.s.web.servlet.view.JstlView - View name [admin/request-history], model {requests=[com.shinki.shinki.entity.Request@7042996, com.shinki.shinki.entity.Request@3ebb8f8a, com.shinki.shinki.entity.Request@dcc31cd, com.shinki.shinki.entity.Request@617dacf4, com.shinki.shinki.entity.Request@25b66163, com.shinki.shinki.entity.Request@49187e41, com.shinki.shinki.entity.Request@458e719a, com.shinki.shinki.entity.Request@19cf352e], currentPage=0, totalPages=1, totalElements=8, size=10, search=null}
2025-10-02 16:38:41 [http-nio-8080-exec-8] DEBUG o.s.web.servlet.view.JstlView - Forwarding to [/WEB-INF/views/admin/request-history.jsp]
2025-10-02 16:38:42 [http-nio-8080-exec-9] DEBUG org.hibernate.SQL - 
    select
        r1_0.id,
        r1_0.admin_file_path,
        r1_0.application_type,
        r1_0.content,
        r1_0.created_at,
        r1_0.file_path,
        r1_0.member_id,
        m1_0.id,
        m1_0.address,
        m1_0.address_etc,
        m1_0.created_at,
        m1_0.department,
        m1_0.email,
        m1_0.hospital_name,
        m1_0.memo,
        m1_0.name,
        m1_0.password,
        m1_0.phone,
        m1_0.recommend_code,
        m1_0.recommended_employee,
        m1_0.status,
        m1_0.updated_at,
        m1_0.username,
        m1_0.visit_num,
        r1_0.money,
        r1_0.payment_amount,
        r1_0.payment_method,
        r1_0.payment_status,
        r1_0.privacy_agreed,
        r1_0.privacy_agreement,
        r1_0.reg_condition,
        r1_0.status,
        r1_0.status_cancel,
        r1_0.title,
        r1_0.updated_at 
    from
        request r1_0 
    left join
        member m1_0 
            on m1_0.id=r1_0.member_id 
    order by
        r1_0.id desc,
        r1_0.id desc 
    limit
        ?
2025-10-02 16:38:44 [http-nio-8080-exec-9] DEBUG o.s.w.s.v.ContentNegotiatingViewResolver - Selected 'text/html' given [text/html, application/xhtml+xml, image/avif, image/webp, image/apng, application/xml;q=0.9, */*;q=0.8, application/signed-exchange;v=b3;q=0.7]
2025-10-02 16:38:44 [http-nio-8080-exec-9] DEBUG o.s.web.servlet.view.JstlView - View name [admin/request-history], model {requests=[com.shinki.shinki.entity.Request@7218fa6b, com.shinki.shinki.entity.Request@24677b70, com.shinki.shinki.entity.Request@7d69c786, com.shinki.shinki.entity.Request@43a80566, com.shinki.shinki.entity.Request@69752d9b, com.shinki.shinki.entity.Request@5a1392c4, com.shinki.shinki.entity.Request@59933fd5, com.shinki.shinki.entity.Request@1c26e089], currentPage=0, totalPages=1, totalElements=8, size=10, search=null}
2025-10-02 16:38:46 [http-nio-8080-exec-10] DEBUG org.hibernate.SQL - 
    select
        r1_0.id,
        r1_0.admin_file_path,
        r1_0.application_type,
        r1_0.content,
        r1_0.created_at,
        r1_0.file_path,
        r1_0.member_id,
        m1_0.id,
        m1_0.address,
        m1_0.address_etc,
        m1_0.created_at,
        m1_0.department,
        m1_0.email,
        m1_0.hospital_name,
        m1_0.memo,
        m1_0.name,
        m1_0.password,
        m1_0.phone,
        m1_0.recommend_code,
        m1_0.recommended_employee,
        m1_0.status,
        m1_0.updated_at,
        m1_0.username,
        m1_0.visit_num,
        r1_0.money,
        r1_0.payment_amount,
        r1_0.payment_method,
        r1_0.payment_status,
        r1_0.privacy_agreed,
        r1_0.privacy_agreement,
        r1_0.reg_condition,
        r1_0.status,
        r1_0.status_cancel,
        r1_0.title,
        r1_0.updated_at 
    from
        request r1_0 
    left join
        member m1_0 
            on m1_0.id=r1_0.member_id 
    order by
        r1_0.id desc,
        r1_0.id desc 
    limit
        ?
2025-10-02 16:38:46 [http-nio-8080-exec-9] DEBUG o.s.web.servlet.view.JstlView - Forwarding to [/WEB-INF/views/admin/request-history.jsp]
2025-10-02 16:38:48 [http-nio-8080-exec-10] DEBUG o.s.w.s.v.ContentNegotiatingViewResolver - Selected 'text/html' given [text/html, application/xhtml+xml, image/avif, image/webp, image/apng, application/xml;q=0.9, */*;q=0.8, application/signed-exchange;v=b3;q=0.7]
2025-10-02 16:38:48 [http-nio-8080-exec-10] DEBUG o.s.web.servlet.view.JstlView - View name [admin/request-history], model {requests=[com.shinki.shinki.entity.Request@7789a88e, com.shinki.shinki.entity.Request@558698a7, com.shinki.shinki.entity.Request@46b439a8, com.shinki.shinki.entity.Request@2d51573d, com.shinki.shinki.entity.Request@7684a632, com.shinki.shinki.entity.Request@119ab833, com.shinki.shinki.entity.Request@3655fd82, com.shinki.shinki.entity.Request@13e8acd6], currentPage=0, totalPages=1, totalElements=8, size=10, search=null}
2025-10-02 16:38:49 [http-nio-8080-exec-10] DEBUG o.s.web.servlet.view.JstlView - Forwarding to [/WEB-INF/views/admin/request-history.jsp]
2025-10-02 16:39:21 [SpringApplicationShutdownHook] INFO  o.s.b.w.e.tomcat.GracefulShutdown - Commencing graceful shutdown. Waiting for active requests to complete
2025-10-02 16:39:22 [tomcat-shutdown] INFO  o.s.b.w.e.tomcat.GracefulShutdown - Graceful shutdown complete
2025-10-02 16:39:22 [SpringApplicationShutdownHook] INFO  o.s.o.j.LocalContainerEntityManagerFactoryBean - Closing JPA EntityManagerFactory for persistence unit 'default'
2025-10-02 16:39:22 [SpringApplicationShutdownHook] INFO  com.zaxxer.hikari.HikariDataSource - HikariPool-1 - Shutdown initiated...
2025-10-02 16:39:23 [SpringApplicationShutdownHook] INFO  com.zaxxer.hikari.HikariDataSource - HikariPool-1 - Shutdown completed.
2025-10-02 16:40:44 [main] INFO  com.shinki.shinki.ShinkiApplication - Starting ShinkiApplication using Java 21.0.7 with PID 14712 (D:\Project\Zetta_Git\shinki-new\target\classes started by zetta in D:\Project\Zetta_Git\shinki-new)
2025-10-02 16:40:44 [main] DEBUG com.shinki.shinki.ShinkiApplication - Running with Spring Boot v3.5.5, Spring v6.2.10
2025-10-02 16:40:44 [main] INFO  com.shinki.shinki.ShinkiApplication - No active profile set, falling back to 1 default profile: "default"
2025-10-02 16:40:45 [main] INFO  o.s.d.r.c.RepositoryConfigurationDelegate - Bootstrapping Spring Data JPA repositories in DEFAULT mode.
2025-10-02 16:40:45 [main] INFO  o.s.d.r.c.RepositoryConfigurationDelegate - Finished Spring Data repository scanning in 96 ms. Found 7 JPA repository interfaces.
2025-10-02 16:40:46 [main] INFO  o.s.b.w.e.tomcat.TomcatWebServer - Tomcat initialized with port 8080 (http)
2025-10-02 16:40:46 [main] INFO  o.a.catalina.core.StandardService - Starting service [Tomcat]
2025-10-02 16:40:46 [main] INFO  o.a.catalina.core.StandardEngine - Starting Servlet engine: [Apache Tomcat/10.1.44]
2025-10-02 16:40:46 [main] INFO  o.apache.jasper.servlet.TldScanner - At least one JAR was scanned for TLDs yet contained no TLDs. Enable debug logging for this logger for a complete list of JARs that were scanned but no TLDs were found in them. Skipping unneeded JARs during scanning can improve startup time and JSP compilation time.
2025-10-02 16:40:46 [main] INFO  o.a.c.c.C.[Tomcat].[localhost].[/] - Initializing Spring embedded WebApplicationContext
2025-10-02 16:40:46 [main] INFO  o.s.b.w.s.c.ServletWebServerApplicationContext - Root WebApplicationContext: initialization completed in 2273 ms
2025-10-02 16:40:47 [main] INFO  com.zaxxer.hikari.HikariDataSource - HikariPool-1 - Starting...
2025-10-02 16:40:47 [main] INFO  com.zaxxer.hikari.pool.HikariPool - HikariPool-1 - Added connection com.mysql.cj.jdbc.ConnectionImpl@7f2c57fe
2025-10-02 16:40:47 [main] INFO  com.zaxxer.hikari.HikariDataSource - HikariPool-1 - Start completed.
2025-10-02 16:40:47 [main] INFO  o.h.jpa.internal.util.LogHelper - HHH000204: Processing PersistenceUnitInfo [name: default]
2025-10-02 16:40:47 [main] INFO  org.hibernate.Version - HHH000412: Hibernate ORM core version 6.6.26.Final
2025-10-02 16:40:48 [main] INFO  o.h.c.i.RegionFactoryInitiator - HHH000026: Second-level cache disabled
2025-10-02 16:40:48 [main] INFO  o.s.o.j.p.SpringPersistenceUnitInfo - No LoadTimeWeaver setup: ignoring JPA class transformer
2025-10-02 16:40:48 [main] WARN  org.hibernate.orm.deprecation - HHH90000025: MySQLDialect does not need to be specified explicitly using 'hibernate.dialect' (remove the property setting and it will be selected by default)
2025-10-02 16:40:48 [main] INFO  o.hibernate.orm.connections.pooling - HHH10001005: Database info:
	Database JDBC URL [Connecting through datasource 'HikariDataSource (HikariPool-1)']
	Database driver: undefined/unknown
	Database version: 8.0.42
	Autocommit mode: undefined/unknown
	Isolation level: undefined/unknown
	Minimum pool size: undefined/unknown
	Maximum pool size: undefined/unknown
2025-10-02 16:40:51 [main] INFO  o.h.e.t.j.p.i.JtaPlatformInitiator - HHH000489: No JTA platform available (set 'hibernate.transaction.jta.platform' to enable JTA platform integration)
2025-10-02 16:40:51 [main] DEBUG org.hibernate.SQL - 
    alter table member 
       modify column status VARCHAR(1) DEFAULT 'Y' not null
2025-10-02 16:40:51 [main] INFO  o.s.o.j.LocalContainerEntityManagerFactoryBean - Initialized JPA EntityManagerFactory for persistence unit 'default'
2025-10-02 16:40:51 [main] INFO  o.s.d.j.r.query.QueryEnhancerFactory - Hibernate is in classpath; If applicable, HQL parser will be used.
2025-10-02 16:40:55 [main] WARN  o.s.b.a.o.j.JpaBaseConfiguration$JpaWebConfiguration - spring.jpa.open-in-view is enabled by default. Therefore, database queries may be performed during view rendering. Explicitly configure spring.jpa.open-in-view to disable this warning
2025-10-02 16:40:55 [main] INFO  o.s.b.a.w.s.WelcomePageHandlerMapping - Adding welcome page template: index
2025-10-02 16:40:56 [main] INFO  o.s.b.w.e.tomcat.TomcatWebServer - Tomcat started on port 8080 (http) with context path '/'
2025-10-02 16:40:56 [main] INFO  com.shinki.shinki.ShinkiApplication - Started ShinkiApplication in 12.524 seconds (process running for 13.173)
2025-10-02 16:40:56 [main] DEBUG org.hibernate.SQL - 
    select
        count(*) 
    from
        member m1_0
2025-10-02 16:40:56 [http-nio-8080-exec-2] INFO  o.a.c.c.C.[Tomcat].[localhost].[/] - Initializing Spring DispatcherServlet 'dispatcherServlet'
2025-10-02 16:40:56 [http-nio-8080-exec-2] INFO  o.s.web.servlet.DispatcherServlet - Initializing Servlet 'dispatcherServlet'
2025-10-02 16:40:56 [http-nio-8080-exec-2] INFO  o.s.web.servlet.DispatcherServlet - Completed initialization in 2 ms
2025-10-02 16:40:56 [http-nio-8080-exec-1] DEBUG o.s.w.s.v.ContentNegotiatingViewResolver - Selected 'text/html' given [text/html, application/xhtml+xml, image/avif, image/webp, image/apng, application/xml;q=0.9, */*;q=0.8, application/signed-exchange;v=b3;q=0.7]
2025-10-02 16:40:56 [http-nio-8080-exec-1] DEBUG o.s.web.servlet.view.JstlView - View name [admin/login], model {}
2025-10-02 16:40:56 [http-nio-8080-exec-1] DEBUG o.s.web.servlet.view.JstlView - Forwarding to [/WEB-INF/views/admin/login.jsp]
2025-10-02 16:40:59 [http-nio-8080-exec-3] DEBUG org.hibernate.SQL - 
    select
        a1_0.admin_no,
        a1_0.admin_id,
        a1_0.authority,
        a1_0.created_at,
        a1_0.department,
        a1_0.email,
        a1_0.name,
        a1_0.password,
        a1_0.phone,
        a1_0.position,
        a1_0.`rank`,
        a1_0.updated_at 
    from
        admin a1_0 
    where
        a1_0.admin_id=? 
        and a1_0.password=?
2025-10-02 16:40:59 [http-nio-8080-exec-3] DEBUG o.s.web.servlet.view.RedirectView - View name [redirect:], model {}
2025-10-02 16:40:59 [http-nio-8080-exec-4] DEBUG org.hibernate.SQL - 
    select
        a1_0.admin_no,
        a1_0.admin_id,
        a1_0.authority,
        a1_0.created_at,
        a1_0.department,
        a1_0.email,
        a1_0.name,
        a1_0.password,
        a1_0.phone,
        a1_0.position,
        a1_0.`rank`,
        a1_0.updated_at 
    from
        admin a1_0 
    order by
        a1_0.admin_no desc 
    limit
        ?, ?
2025-10-02 16:40:59 [http-nio-8080-exec-4] DEBUG o.s.w.s.v.ContentNegotiatingViewResolver - Selected 'text/html' given [text/html, application/xhtml+xml, image/avif, image/webp, image/apng, application/xml;q=0.9, */*;q=0.8, application/signed-exchange;v=b3;q=0.7]
2025-10-02 16:40:59 [http-nio-8080-exec-4] DEBUG o.s.web.servlet.view.JstlView - View name [admin/admin-account], model {admins=[com.shinki.shinki.entity.Admin@57d70f12, com.shinki.shinki.entity.Admin@3ca3abf0, com.shinki.shinki.entity.Admin@38a01abb, com.shinki.shinki.entity.Admin@4c03bb9c, com.shinki.shinki.entity.Admin@23c39291], currentPage=0, totalPages=1, totalElements=5, size=10}
2025-10-02 16:40:59 [http-nio-8080-exec-4] DEBUG o.s.web.servlet.view.JstlView - Forwarding to [/WEB-INF/views/admin/admin-account.jsp]
2025-10-02 16:41:04 [http-nio-8080-exec-5] DEBUG org.hibernate.SQL - 
    select
        cr1_0.id,
        cr1_0.consultation_content,
        cr1_0.consultation_date,
        cr1_0.consultation_time,
        cr1_0.created_at,
        cr1_0.hospital_name,
        cr1_0.name,
        cr1_0.phone,
        cr1_0.status,
        cr1_0.updated_at 
    from
        con_reg cr1_0 
    order by
        cr1_0.created_at desc 
    limit
        ?, ?
2025-10-02 16:41:05 [http-nio-8080-exec-5] DEBUG o.s.w.s.v.ContentNegotiatingViewResolver - Selected 'text/html' given [text/html, application/xhtml+xml, image/avif, image/webp, image/apng, application/xml;q=0.9, */*;q=0.8, application/signed-exchange;v=b3;q=0.7]
2025-10-02 16:41:05 [http-nio-8080-exec-5] DEBUG o.s.web.servlet.view.JstlView - View name [admin/consultation-request], model {consultations=[ConReg{id=3, name='정재우', hospitalName='재우병원3', phone='01023453433', consultationDate=2025-10-23, consultationTime=11:42, consultationContent='ㅇㄹㄴㅁㄹㄴㄹㄴㅁㄻㄴㅇㄹ
ㄴㅇㄹㄴㅁㅇㄹㄴㅇㅁㄹㅇㄴㅁㄹ', status='대기', createdAt=2025-10-01T07:39, updatedAt=2025-10-01T07:39}, ConReg{id=4, name='정재우', hospitalName='재우병원3', phone='01023453433', consultationDate=2025-10-23, consultationTime=11:42, consultationContent='ㅇㄹㄴㅁㄹㄴㄹㄴㅁㄻㄴㅇㄹ
ㄴㅇㄹㄴㅁㅇㄹㄴㅇㅁㄹㅇㄴㅁㄹ', status='대기', createdAt=2025-10-01T07:39, updatedAt=2025-10-01T07:39}, ConReg{id=2, name='정재일', hospitalName='재일병원', phone='024662357', consultationDate=2025-09-23, consultationTime=13:42, consultationContent='상담하고파
이제 상담하자', status='대기', createdAt=2025-09-23T23:39:55, updatedAt=2025-09-23T23:39:55}, ConReg{id=1, name='정재우', hospitalName='재우병원', phone='01212121', consultationDate=2025-09-26, consultationTime=14:37, consultationContent='ㅇㄹㄴㅇㄹㅇㄹㅇㄴㄹㅇㄴㄹㅇㄹ
ㄴㅇㄹㅇㄴㄹㄴㅇㄹㅇㄴㄹ', status='대기', createdAt=2025-09-23T23:33:45, updatedAt=2025-09-23T23:33:45}], currentPage=0, totalPages=1, totalElements=4, size=10, searchType=consultationContent, searchValue=, sortBy=createdAt, sortDir=desc}
2025-10-02 16:41:05 [http-nio-8080-exec-5] DEBUG o.s.web.servlet.view.JstlView - Forwarding to [/WEB-INF/views/admin/consultation-request.jsp]
2025-10-02 16:41:08 [http-nio-8080-exec-6] DEBUG org.hibernate.SQL - 
    select
        cr1_0.id,
        cr1_0.consultation_content,
        cr1_0.consultation_date,
        cr1_0.consultation_time,
        cr1_0.created_at,
        cr1_0.hospital_name,
        cr1_0.name,
        cr1_0.phone,
        cr1_0.status,
        cr1_0.updated_at 
    from
        con_reg cr1_0 
    where
        cr1_0.consultation_content like ? escape '\\' 
    order by
        cr1_0.created_at desc 
    limit
        ?
2025-10-02 16:41:08 [http-nio-8080-exec-6] DEBUG o.s.w.s.v.ContentNegotiatingViewResolver - Selected 'text/html' given [text/html, application/xhtml+xml, image/avif, image/webp, image/apng, application/xml;q=0.9, */*;q=0.8, application/signed-exchange;v=b3;q=0.7]
2025-10-02 16:41:08 [http-nio-8080-exec-6] DEBUG o.s.web.servlet.view.JstlView - View name [admin/consultation-request], model {consultations=[], currentPage=0, totalPages=0, totalElements=0, size=10, searchType=consultationContent, searchValue=dddd, sortBy=createdAt, sortDir=desc}
2025-10-02 16:41:08 [http-nio-8080-exec-6] DEBUG o.s.web.servlet.view.JstlView - Forwarding to [/WEB-INF/views/admin/consultation-request.jsp]
2025-10-02 16:41:14 [http-nio-8080-exec-7] DEBUG org.hibernate.SQL - 
    select
        cr1_0.id,
        cr1_0.consultation_content,
        cr1_0.consultation_date,
        cr1_0.consultation_time,
        cr1_0.created_at,
        cr1_0.hospital_name,
        cr1_0.name,
        cr1_0.phone,
        cr1_0.status,
        cr1_0.updated_at 
    from
        con_reg cr1_0 
    where
        cr1_0.consultation_content like ? escape '\\' 
    order by
        cr1_0.created_at desc 
    limit
        ?
2025-10-02 16:41:14 [http-nio-8080-exec-7] DEBUG o.s.w.s.v.ContentNegotiatingViewResolver - Selected 'text/html' given [text/html, application/xhtml+xml, image/avif, image/webp, image/apng, application/xml;q=0.9, */*;q=0.8, application/signed-exchange;v=b3;q=0.7]
2025-10-02 16:41:14 [http-nio-8080-exec-7] DEBUG o.s.web.servlet.view.JstlView - View name [admin/consultation-request], model {consultations=[], currentPage=0, totalPages=0, totalElements=0, size=10, searchType=consultationContent, searchValue=ㅇㅇㅇㅇ, sortBy=createdAt, sortDir=desc}
2025-10-02 16:41:14 [http-nio-8080-exec-7] DEBUG o.s.web.servlet.view.JstlView - Forwarding to [/WEB-INF/views/admin/consultation-request.jsp]
2025-10-02 16:41:17 [http-nio-8080-exec-8] DEBUG org.hibernate.SQL - 
    select
        cr1_0.id,
        cr1_0.consultation_content,
        cr1_0.consultation_date,
        cr1_0.consultation_time,
        cr1_0.created_at,
        cr1_0.hospital_name,
        cr1_0.name,
        cr1_0.phone,
        cr1_0.status,
        cr1_0.updated_at 
    from
        con_reg cr1_0 
    where
        cr1_0.consultation_content like ? escape '\\' 
    order by
        cr1_0.created_at desc 
    limit
        ?
2025-10-02 16:41:17 [http-nio-8080-exec-8] DEBUG o.s.w.s.v.ContentNegotiatingViewResolver - Selected 'text/html' given [text/html, application/xhtml+xml, image/avif, image/webp, image/apng, application/xml;q=0.9, */*;q=0.8, application/signed-exchange;v=b3;q=0.7]
2025-10-02 16:41:17 [http-nio-8080-exec-8] DEBUG o.s.web.servlet.view.JstlView - View name [admin/consultation-request], model {consultations=[ConReg{id=3, name='정재우', hospitalName='재우병원3', phone='01023453433', consultationDate=2025-10-23, consultationTime=11:42, consultationContent='ㅇㄹㄴㅁㄹㄴㄹㄴㅁㄻㄴㅇㄹ
ㄴㅇㄹㄴㅁㅇㄹㄴㅇㅁㄹㅇㄴㅁㄹ', status='대기', createdAt=2025-10-01T07:39, updatedAt=2025-10-01T07:39}, ConReg{id=4, name='정재우', hospitalName='재우병원3', phone='01023453433', consultationDate=2025-10-23, consultationTime=11:42, consultationContent='ㅇㄹㄴㅁㄹㄴㄹㄴㅁㄻㄴㅇㄹ
ㄴㅇㄹㄴㅁㅇㄹㄴㅇㅁㄹㅇㄴㅁㄹ', status='대기', createdAt=2025-10-01T07:39, updatedAt=2025-10-01T07:39}, ConReg{id=1, name='정재우', hospitalName='재우병원', phone='01212121', consultationDate=2025-09-26, consultationTime=14:37, consultationContent='ㅇㄹㄴㅇㄹㅇㄹㅇㄴㄹㅇㄴㄹㅇㄹ
ㄴㅇㄹㅇㄴㄹㄴㅇㄹㅇㄴㄹ', status='대기', createdAt=2025-09-23T23:33:45, updatedAt=2025-09-23T23:33:45}], currentPage=0, totalPages=1, totalElements=3, size=10, searchType=consultationContent, searchValue=ㅇ, sortBy=createdAt, sortDir=desc}
2025-10-02 16:41:17 [http-nio-8080-exec-8] DEBUG o.s.web.servlet.view.JstlView - Forwarding to [/WEB-INF/views/admin/consultation-request.jsp]
